"../../../Engine/Plugins/Animation/ACLPlugin/Content/ACLAnimCurveCompressionSettings.uasset" 0
"../../../Engine/Plugins/Animation/ACLPlugin/Content/ACLAnimCurveCompressionSettings.uexp" 1
"../../../Engine/Plugins/Animation/ACLPlugin/Content/ACLAnimBoneCompressionSettings.uasset" 2
"../../../Engine/Plugins/Animation/ACLPlugin/Content/ACLAnimBoneCompressionSettings.uexp" 3
"../../../Engine/Plugins/2D/Paper2D/Content/PlaceholderTextures/DummySpriteTexture.ubulk" 4
"../../../Engine/Plugins/2D/Paper2D/Content/PlaceholderTextures/DummySpriteTexture.uasset" 5
"../../../Engine/Plugins/2D/Paper2D/Content/PlaceholderTextures/DummySpriteTexture.uexp" 6
"../../../Engine/Plugins/2D/Paper2D/Content/DummySprite.uasset" 7
"../../../Engine/Plugins/2D/Paper2D/Content/DummySprite.uexp" 8
"../../../Engine/Plugins/2D/Paper2D/Content/DefaultPaperTerrainMaterial.uasset" 9
"../../../Engine/Plugins/2D/Paper2D/Content/DefaultPaperTerrainMaterial.uexp" 10
"../../../Engine/Plugins/Animation/ControlRig/Content/Controls/DefaultGizmoLibraryNormalized.uasset" 11
"../../../Engine/Plugins/Animation/ControlRig/Content/Controls/DefaultGizmoLibraryNormalized.uexp" 12
"../../../Engine/Content/EngineSounds/Master.uasset" 13
"../../../Engine/Content/EngineSounds/Master.uexp" 14
"../../../Engine/Content/EngineMaterials/DefaultPhysicalMaterial.uasset" 15
"../../../Engine/Content/EngineMaterials/DefaultPhysicalMaterial.uexp" 16
"../../../Engine/Content/EngineMaterials/DefaultDestructiblePhysicalMaterial.uasset" 17
"../../../Engine/Content/EngineMaterials/DefaultDestructiblePhysicalMaterial.uexp" 18
"../../../Engine/Content/EngineFonts/Faces/RobotoLight.uexp" 19
"../../../Engine/Content/EngineFonts/Faces/RobotoLight.uasset" 20
"../../../Engine/Content/EngineFonts/Faces/RobotoLight.ufont" 21
"../../../Engine/Content/EngineFonts/Faces/RobotoBold.uexp" 22
"../../../Engine/Content/EngineFonts/Faces/RobotoBold.uasset" 23
"../../../Engine/Content/EngineFonts/Faces/RobotoBold.ufont" 24
"../../../Engine/Content/EngineFonts/Faces/RobotoRegular.uexp" 25
"../../../Engine/Content/EngineFonts/Faces/RobotoRegular.uasset" 26
"../../../Engine/Content/EngineFonts/Faces/RobotoRegular.ufont" 27
"../../../Engine/Content/EngineFonts/Faces/DroidSansFallback.uexp" 28
"../../../Engine/Content/EngineFonts/Faces/DroidSansFallback.uasset" 29
"../../../Engine/Content/EngineFonts/Faces/DroidSansFallback.ufont" 30
"../../../Engine/Content/EngineFonts/Faces/RobotoItalic.uexp" 31
"../../../Engine/Content/EngineFonts/Faces/RobotoItalic.uasset" 32
"../../../Engine/Content/EngineFonts/Faces/RobotoItalic.ufont" 33
"../../../Engine/Content/EngineFonts/Faces/RobotoBoldItalic.uexp" 34
"../../../Engine/Content/EngineFonts/Faces/RobotoBoldItalic.uasset" 35
"../../../Engine/Content/EngineFonts/Faces/RobotoBoldItalic.ufont" 36
"../../../Engine/Content/EngineFonts/Roboto.uasset" 37
"../../../Engine/Content/EngineFonts/Roboto.uexp" 38
"../../../Engine/Content/Animation/DefaultVariableFrameStrippingSettings.uasset" 39
"../../../Engine/Content/Animation/DefaultVariableFrameStrippingSettings.uexp" 40
"../../../Engine/Content/Animation/DefaultRecorderBoneCompression.uasset" 41
"../../../Engine/Content/Animation/DefaultRecorderBoneCompression.uexp" 42
"../../../Engine/Plugins/Interchange/Runtime/Content/Pipelines/DefaultTexturePipeline.uasset" 43
"../../../Engine/Plugins/Interchange/Runtime/Content/Pipelines/DefaultTexturePipeline.uexp" 44
"../../../Engine/Plugins/Interchange/Runtime/Content/Pipelines/DefaultSceneLevelPipeline.uasset" 45
"../../../Engine/Plugins/Interchange/Runtime/Content/Pipelines/DefaultSceneLevelPipeline.uexp" 46
"../../../Engine/Plugins/Interchange/Runtime/Content/Pipelines/DefaultSceneAssetsPipeline.uasset" 47
"../../../Engine/Plugins/Interchange/Runtime/Content/Pipelines/DefaultSceneAssetsPipeline.uexp" 48
"../../../Engine/Plugins/Interchange/Runtime/Content/Pipelines/DefaultMaterialXPipeline.uasset" 49
"../../../Engine/Plugins/Interchange/Runtime/Content/Pipelines/DefaultMaterialXPipeline.uexp" 50
"../../../Engine/Plugins/Interchange/Runtime/Content/Pipelines/DefaultMaterialPipeline.uasset" 51
"../../../Engine/Plugins/Interchange/Runtime/Content/Pipelines/DefaultMaterialPipeline.uexp" 52
"../../../Engine/Plugins/Interchange/Runtime/Content/Pipelines/DefaultGLTFSceneAssetsPipeline.uasset" 53
"../../../Engine/Plugins/Interchange/Runtime/Content/Pipelines/DefaultGLTFSceneAssetsPipeline.uexp" 54
"../../../Engine/Plugins/Interchange/Runtime/Content/Pipelines/DefaultGLTFPipeline.uasset" 55
"../../../Engine/Plugins/Interchange/Runtime/Content/Pipelines/DefaultGLTFPipeline.uexp" 56
"../../../Engine/Plugins/Interchange/Runtime/Content/Pipelines/DefaultGLTFAssetsPipeline.uasset" 57
"../../../Engine/Plugins/Interchange/Runtime/Content/Pipelines/DefaultGLTFAssetsPipeline.uexp" 58
"../../../Engine/Plugins/Interchange/Runtime/Content/Pipelines/DefaultAssetsPipeline.uasset" 59
"../../../Engine/Plugins/Interchange/Runtime/Content/Pipelines/DefaultAssetsPipeline.uexp" 60
"../../../Engine/Content/MobileResources/HUD/VirtualJoystick_Background.uasset" 61
"../../../Engine/Content/MobileResources/HUD/VirtualJoystick_Background.uexp" 62
"../../../Engine/Content/MobileResources/HUD/VirtualJoystick_Thumb.uasset" 63
"../../../Engine/Content/MobileResources/HUD/VirtualJoystick_Thumb.uexp" 64
"../../../Engine/Content/MobileResources/HUD/DefaultVirtualJoysticks.uasset" 65
"../../../Engine/Content/MobileResources/HUD/DefaultVirtualJoysticks.uexp" 66
"../../../Engine/Content/EditorResources/S_Actor.ubulk" 67
"../../../Engine/Content/EditorResources/S_Actor.uasset" 68
"../../../Engine/Content/EditorResources/S_Actor.uexp" 69
"../../../Engine/Content/EditorResources/S_BoxReflectionCapture.uasset" 70
"../../../Engine/Content/EditorResources/S_BoxReflectionCapture.uexp" 71
"../../../Engine/Content/EngineResources/DefaultTexture.ubulk" 72
"../../../Engine/Content/EngineResources/DefaultTexture.uasset" 73
"../../../Engine/Content/EngineResources/DefaultTexture.uexp" 74
"../../../Engine/Content/EngineResources/DefaultTextureCube.uasset" 75
"../../../Engine/Content/EngineResources/DefaultTextureCube.uexp" 76
"../../../Engine/Content/EngineResources/DefaultVolumeTexture2D.uasset" 77
"../../../Engine/Content/EngineResources/DefaultVolumeTexture2D.uexp" 78
"../../../Engine/Content/EngineResources/DefaultVolumeTexture.uasset" 79
"../../../Engine/Content/EngineResources/DefaultVolumeTexture.uexp" 80
"../../../Engine/Content/Functions/Engine_MaterialFunctions02/WorldPositionOffset/CameraOffset.uasset" 81
"../../../Engine/Content/Functions/Engine_MaterialFunctions02/WorldPositionOffset/CameraOffset.uexp" 82
"../../../Engine/Plugins/Animation/ControlRig/Content/M_Manip.uasset" 83
"../../../Engine/Plugins/Animation/ControlRig/Content/M_Manip.uexp" 84
"../../../Engine/Plugins/Editor/SpeedTreeImporter/Content/SpeedTree9/game_wind_noise.ubulk" 85
"../../../Engine/Plugins/Editor/SpeedTreeImporter/Content/SpeedTree9/game_wind_noise.uasset" 86
"../../../Engine/Plugins/Editor/SpeedTreeImporter/Content/SpeedTree9/game_wind_noise.uexp" 87
"../../../Engine/Plugins/Editor/SpeedTreeImporter/Content/SpeedTree9/UnpackDirection.uasset" 88
"../../../Engine/Plugins/Editor/SpeedTreeImporter/Content/SpeedTree9/UnpackDirection.uexp" 89
"../../../Engine/Content/Functions/Engine_MaterialFunctions02/ObjectLocalBounds.uasset" 90
"../../../Engine/Content/Functions/Engine_MaterialFunctions02/ObjectLocalBounds.uexp" 91
"../../../Engine/Content/Functions/Engine_MaterialFunctions02/Utility/BreakOutFloat3Components.uasset" 92
"../../../Engine/Content/Functions/Engine_MaterialFunctions02/Utility/BreakOutFloat3Components.uexp" 93
"../../../Engine/Content/Functions/Engine_MaterialFunctions02/UVs/BoundingBoxBased_0-1_UVW.uasset" 94
"../../../Engine/Content/Functions/Engine_MaterialFunctions02/UVs/BoundingBoxBased_0-1_UVW.uexp" 95
"../../../Engine/Content/Functions/Engine_MaterialFunctions02/Utility/VectorLength.uasset" 96
"../../../Engine/Content/Functions/Engine_MaterialFunctions02/Utility/VectorLength.uexp" 97
"../../../Engine/Plugins/Editor/SpeedTreeImporter/Content/SpeedTree9/UnpackInteger3.uasset" 98
"../../../Engine/Plugins/Editor/SpeedTreeImporter/Content/SpeedTree9/UnpackInteger3.uexp" 99
"../../../Engine/Plugins/Editor/SpeedTreeImporter/Content/SpeedTree9/SpeedTreeCameraFacing.uasset" 100
"../../../Engine/Plugins/Editor/SpeedTreeImporter/Content/SpeedTree9/SpeedTreeCameraFacing.uexp" 101
"../../../Engine/Content/Functions/Engine_MaterialFunctions02/WorldPositionOffset/ObjectScale.uasset" 102
"../../../Engine/Content/Functions/Engine_MaterialFunctions02/WorldPositionOffset/ObjectScale.uexp" 103
"../../../Engine/Content/Functions/Engine_MaterialFunctions02/SafeNormalize.uasset" 104
"../../../Engine/Content/Functions/Engine_MaterialFunctions02/SafeNormalize.uexp" 105
"../../../Engine/Plugins/Editor/SpeedTreeImporter/Content/SpeedTree9/SpeedTreeWindMotion.uasset" 106
"../../../Engine/Plugins/Editor/SpeedTreeImporter/Content/SpeedTree9/SpeedTreeWindMotion.uexp" 107
"../../../Engine/Plugins/Editor/SpeedTreeImporter/Content/SpeedTree9/SpeedTreeBranchMotion.uasset" 108
"../../../Engine/Plugins/Editor/SpeedTreeImporter/Content/SpeedTree9/SpeedTreeBranchMotion.uexp" 109
"../../../Engine/Plugins/Editor/SpeedTreeImporter/Content/SpeedTree9/SpeedTreeWind.uasset" 110
"../../../Engine/Plugins/Editor/SpeedTreeImporter/Content/SpeedTree9/SpeedTreeWind.uexp" 111
"../../../Engine/Plugins/Editor/SpeedTreeImporter/Content/SpeedTree9/EmptyNormal.uasset" 112
"../../../Engine/Plugins/Editor/SpeedTreeImporter/Content/SpeedTree9/EmptyNormal.uexp" 113
"../../../Engine/Plugins/Editor/SpeedTreeImporter/Content/SpeedTree9/Empty.uasset" 114
"../../../Engine/Plugins/Editor/SpeedTreeImporter/Content/SpeedTree9/Empty.uexp" 115
"../../../Engine/Plugins/Editor/SpeedTreeImporter/Content/SpeedTree9/SpeedTreeMaster.uasset" 116
"../../../Engine/Plugins/Editor/SpeedTreeImporter/Content/SpeedTree9/SpeedTreeMaster.uexp" 117
"../../../Engine/Plugins/Editor/SpeedTreeImporter/Content/SpeedTree9/SpeedTreeBillboard.uasset" 118
"../../../Engine/Plugins/Editor/SpeedTreeImporter/Content/SpeedTree9/SpeedTreeBillboard.uexp" 119
"../../../Engine/Plugins/Editor/SpeedTreeImporter/Content/SpeedTree9/SpeedTreeBillboardMaster.uasset" 120
"../../../Engine/Plugins/Editor/SpeedTreeImporter/Content/SpeedTree9/SpeedTreeBillboardMaster.uexp" 121
"../../../Engine/Plugins/Animation/ControlRig/Content/Controls/ControlRigXRayMaterial.uasset" 122
"../../../Engine/Plugins/Animation/ControlRig/Content/Controls/ControlRigXRayMaterial.uexp" 123
"../../../Engine/Plugins/Animation/ControlRig/Content/Controls/ControlRigGizmoMaterial.uasset" 124
"../../../Engine/Plugins/Animation/ControlRig/Content/Controls/ControlRigGizmoMaterial.uexp" 125
"../../../Engine/Content/EngineResources/GradientTexture0.uasset" 126
"../../../Engine/Content/EngineResources/GradientTexture0.uexp" 127
"../../../Engine/Content/EngineResources/Black.uasset" 128
"../../../Engine/Content/EngineResources/Black.uexp" 129
"../../../Engine/Content/EngineMaterials/RemoveSurfaceMaterial.uasset" 130
"../../../Engine/Content/EngineMaterials/RemoveSurfaceMaterial.uexp" 131
"../../../Engine/Content/EngineMaterials/PreintegratedSkinBRDF.uasset" 132
"../../../Engine/Content/EngineMaterials/PreintegratedSkinBRDF.uexp" 133
"../../../Engine/Content/EngineMaterials/DefaultCalibrationGrayscale.uasset" 134
"../../../Engine/Content/EngineMaterials/DefaultCalibrationGrayscale.uexp" 135
"../../../Engine/Content/EngineMaterials/PPM_DefaultCalibrationGrayscale.uasset" 136
"../../../Engine/Content/EngineMaterials/PPM_DefaultCalibrationGrayscale.uexp" 137
"../../../Engine/Content/EngineMaterials/DefaultCalibrationColor.uasset" 138
"../../../Engine/Content/EngineMaterials/DefaultCalibrationColor.uexp" 139
"../../../Engine/Content/EngineMaterials/PPM_DefaultCalibrationColor.uasset" 140
"../../../Engine/Content/EngineMaterials/PPM_DefaultCalibrationColor.uexp" 141
"../../../Engine/Content/EngineMaterials/PhAT_JointLimitMaterial.uasset" 142
"../../../Engine/Content/EngineMaterials/PhAT_JointLimitMaterial.uexp" 143
"../../../Engine/Content/EngineMaterials/NaniteHiddenSectionMaterial.uasset" 144
"../../../Engine/Content/EngineMaterials/NaniteHiddenSectionMaterial.uexp" 145
"../../../Engine/Content/EngineMaterials/InvalidLightmapSettings.ubulk" 146
"../../../Engine/Content/EngineMaterials/InvalidLightmapSettings.uasset" 147
"../../../Engine/Content/EngineMaterials/InvalidLightmapSettings.uexp" 148
"../../../Engine/Content/EngineMaterials/M_InvalidLightmapSettings.uasset" 149
"../../../Engine/Content/EngineMaterials/M_InvalidLightmapSettings.uexp" 150
"../../../Engine/Content/EngineMaterials/MiniFont.uasset" 151
"../../../Engine/Content/EngineMaterials/MiniFont.uexp" 152
"../../../Engine/Content/EngineMaterials/GizmoMaterial.uasset" 153
"../../../Engine/Content/EngineMaterials/GizmoMaterial.uexp" 154
"../../../Engine/Content/EngineMaterials/BaseFlattenEmissiveMap_VT.uasset" 155
"../../../Engine/Content/EngineMaterials/BaseFlattenEmissiveMap_VT.uexp" 156
"../../../Engine/Content/EngineMaterials/BaseFlattenGrayscaleMap_VT.uasset" 157
"../../../Engine/Content/EngineMaterials/BaseFlattenGrayscaleMap_VT.uexp" 158
"../../../Engine/Content/EngineMaterials/BaseFlattenLinearColor_VT.uasset" 159
"../../../Engine/Content/EngineMaterials/BaseFlattenLinearColor_VT.uexp" 160
"../../../Engine/Content/EngineMaterials/Black_1x1_EXR_Texture_VT.uasset" 161
"../../../Engine/Content/EngineMaterials/Black_1x1_EXR_Texture_VT.uexp" 162
"../../../Engine/Content/EngineMaterials/BaseFlattenDiffuseMap_VT.uasset" 163
"../../../Engine/Content/EngineMaterials/BaseFlattenDiffuseMap_VT.uexp" 164
"../../../Engine/Content/EngineMaterials/BaseFlattenNormalMap_VT.uasset" 165
"../../../Engine/Content/EngineMaterials/BaseFlattenNormalMap_VT.uexp" 166
"../../../Engine/Content/EngineMaterials/FlattenMaterial_WS_Normal_VT.uasset" 167
"../../../Engine/Content/EngineMaterials/FlattenMaterial_WS_Normal_VT.uexp" 168
"../../../Engine/Content/EngineMaterials/FlattenMaterial_VT.uasset" 169
"../../../Engine/Content/EngineMaterials/FlattenMaterial_VT.uexp" 170
"../../../Engine/Content/EngineMaterials/BaseFlattenNormalMap.uasset" 171
"../../../Engine/Content/EngineMaterials/BaseFlattenNormalMap.uexp" 172
"../../../Engine/Content/EngineMaterials/BaseFlattenGrayscaleMap.uasset" 173
"../../../Engine/Content/EngineMaterials/BaseFlattenGrayscaleMap.uexp" 174
"../../../Engine/Content/EngineMaterials/BaseFlattenDiffuseMap.uasset" 175
"../../../Engine/Content/EngineMaterials/BaseFlattenDiffuseMap.uexp" 176
"../../../Engine/Content/Functions/Engine_MaterialFunctions02/PivotPainter2/Black_1x1_EXR_Texture.uasset" 177
"../../../Engine/Content/Functions/Engine_MaterialFunctions02/PivotPainter2/Black_1x1_EXR_Texture.uexp" 178
"../../../Engine/Content/EngineMaterials/BaseFlattenEmissiveMap.uasset" 179
"../../../Engine/Content/EngineMaterials/BaseFlattenEmissiveMap.uexp" 180
"../../../Engine/Content/EngineMaterials/BaseFlattenLinearColor.uasset" 181
"../../../Engine/Content/EngineMaterials/BaseFlattenLinearColor.uexp" 182
"../../../Engine/Content/EngineMaterials/FlattenMaterial.uasset" 183
"../../../Engine/Content/EngineMaterials/FlattenMaterial.uexp" 184
"../../../Engine/Content/EngineMaterials/FastBlueNoise_vec2_128x128x64.uasset" 185
"../../../Engine/Content/EngineMaterials/FastBlueNoise_vec2_128x128x64.uexp" 186
"../../../Engine/Content/EngineMaterials/FastBlueNoise_scalar_128x128x64.uasset" 187
"../../../Engine/Content/EngineMaterials/FastBlueNoise_scalar_128x128x64.uexp" 188
"../../../Engine/Content/EngineMaterials/DefaultWhiteGrid_Low.uasset" 189
"../../../Engine/Content/EngineMaterials/DefaultWhiteGrid_Low.uexp" 190
"../../../Engine/Content/EngineMaterials/EmissiveMeshMaterial.uasset" 191
"../../../Engine/Content/EngineMaterials/EmissiveMeshMaterial.uexp" 192
"../../../Engine/Content/EngineMaterials/DefaultWhiteGrid.ubulk" 193
"../../../Engine/Content/EngineMaterials/DefaultWhiteGrid.uasset" 194
"../../../Engine/Content/EngineMaterials/DefaultWhiteGrid.uexp" 195
"../../../Engine/Content/EngineFonts/RobotoDistanceField.uasset" 196
"../../../Engine/Content/EngineFonts/RobotoDistanceField.uexp" 197
"../../../Engine/Content/EngineMaterials/DefaultTextMaterialOpaque.uasset" 198
"../../../Engine/Content/EngineMaterials/DefaultTextMaterialOpaque.uexp" 199
"../../../Engine/Content/EngineMaterials/DefaultDiffuse.ubulk" 200
"../../../Engine/Content/EngineMaterials/DefaultDiffuse.uasset" 201
"../../../Engine/Content/EngineMaterials/DefaultDiffuse.uexp" 202
"../../../Engine/Content/Functions/Engine_MaterialFunctions02/Utility/BreakOutFloat2Components.uasset" 203
"../../../Engine/Content/Functions/Engine_MaterialFunctions02/Utility/BreakOutFloat2Components.uexp" 204
"../../../Engine/Content/EngineMaterials/DefaultPostProcessMaterial.uasset" 205
"../../../Engine/Content/EngineMaterials/DefaultPostProcessMaterial.uexp" 206
"../../../Engine/Content/EngineMaterials/DefaultLightFunctionMaterial.uasset" 207
"../../../Engine/Content/EngineMaterials/DefaultLightFunctionMaterial.uexp" 208
"../../../Engine/Content/EngineMaterials/DefaultDeferredDecalMaterial.uasset" 209
"../../../Engine/Content/EngineMaterials/DefaultDeferredDecalMaterial.uexp" 210
"../../../Engine/Content/EngineMaterials/DefaultBokeh.uasset" 211
"../../../Engine/Content/EngineMaterials/DefaultBokeh.uexp" 212
"../../../Engine/Content/EngineMaterials/DefaultBloomKernel.uasset" 213
"../../../Engine/Content/EngineMaterials/DefaultBloomKernel.uexp" 214
"../../../Engine/Content/Functions/Engine_MaterialFunctions02/Utility/CameraDirectionVector.uasset" 215
"../../../Engine/Content/Functions/Engine_MaterialFunctions02/Utility/CameraDirectionVector.uexp" 216
"../../../Engine/Content/EngineDebugMaterials/VolumeToRender.uasset" 217
"../../../Engine/Content/EngineDebugMaterials/VolumeToRender.uexp" 218
"../../../Engine/Content/EngineDebugMaterials/M_VolumeRenderSphereTracePP.uasset" 219
"../../../Engine/Content/EngineDebugMaterials/M_VolumeRenderSphereTracePP.uexp" 220
"../../../Engine/Content/EngineDebugMaterials/M_SimpleUnlitTranslucent.uasset" 221
"../../../Engine/Content/EngineDebugMaterials/M_SimpleUnlitTranslucent.uexp" 222
"../../../Engine/Content/EngineDebugMaterials/DebugMeshMaterial.uasset" 223
"../../../Engine/Content/EngineDebugMaterials/DebugMeshMaterial.uexp" 224
"../../../Engine/Content/EngineDebugMaterials/DebugEditorMaterial.uasset" 225
"../../../Engine/Content/EngineDebugMaterials/DebugEditorMaterial.uexp" 226
"../../../Engine/Content/EngineDamageTypes/DmgTypeBP_Environmental.uasset" 227
"../../../Engine/Content/EngineDamageTypes/DmgTypeBP_Environmental.uexp" 228
"../../../Engine/Content/EditorResources/S_TriggerSphere.uasset" 229
"../../../Engine/Content/EditorResources/S_TriggerSphere.uexp" 230
"../../../Engine/Content/EditorResources/S_TriggerCapsule.uasset" 231
"../../../Engine/Content/EditorResources/S_TriggerCapsule.uexp" 232
"../../../Engine/Content/EditorResources/S_TriggerBox.uasset" 233
"../../../Engine/Content/EditorResources/S_TriggerBox.uexp" 234
"../../../Engine/Content/EditorResources/S_Trigger.ubulk" 235
"../../../Engine/Content/EditorResources/S_Trigger.uasset" 236
"../../../Engine/Content/EditorResources/S_Trigger.uexp" 237
"../../../Engine/Content/EditorResources/S_Terrain.ubulk" 238
"../../../Engine/Content/EditorResources/S_Terrain.uasset" 239
"../../../Engine/Content/EditorResources/S_Terrain.uexp" 240
"../../../Engine/Content/EditorResources/S_Solver.ubulk" 241
"../../../Engine/Content/EditorResources/S_Solver.uasset" 242
"../../../Engine/Content/EditorResources/S_Solver.uexp" 243
"../../../Engine/Content/EditorResources/EmptyActor.uasset" 244
"../../../Engine/Content/EditorResources/EmptyActor.uexp" 245
"../../../Engine/Content/EditorResources/BSPVertex.uasset" 246
"../../../Engine/Content/EditorResources/BSPVertex.uexp" 247
"../../../Engine/Content/EditorMaterials/PreviewShadowIndicator.ubulk" 248
"../../../Engine/Content/EditorMaterials/PreviewShadowIndicator.uasset" 249
"../../../Engine/Content/EditorMaterials/PreviewShadowIndicator.uexp" 250
"../../../Engine/Content/EditorMaterials/PreviewShadowIndicatorMaterial.uasset" 251
"../../../Engine/Content/EditorMaterials/PreviewShadowIndicatorMaterial.uexp" 252
"../../../Engine/Content/EditorMaterials/PhAT_UnselectedMaterial.uasset" 253
"../../../Engine/Content/EditorMaterials/PhAT_UnselectedMaterial.uexp" 254
"../../../Engine/Content/EditorMaterials/PhAT_NoCollisionMaterial.uasset" 255
"../../../Engine/Content/EditorMaterials/PhAT_NoCollisionMaterial.uexp" 256
"../../../Engine/Content/EditorLandscapeResources/DefaultAlphaTexture.uasset" 257
"../../../Engine/Content/EditorLandscapeResources/DefaultAlphaTexture.uexp" 258
"../../../Engine/Content/BasicShapes/BasicShapeMaterial.uasset" 259
"../../../Engine/Content/BasicShapes/BasicShapeMaterial.uexp" 260
"../../../Engine/Plugins/Runtime/MeshModelingToolset/Content/Materials/M_DynamicMeshComponentVtxColor.uasset" 261
"../../../Engine/Plugins/Runtime/MeshModelingToolset/Content/Materials/M_DynamicMeshComponentVtxColor.uexp" 262
"../../../Engine/Plugins/Runtime/HairStrands/Content/Materials/HairMeshesDefaultMaterial.uasset" 263
"../../../Engine/Plugins/Runtime/HairStrands/Content/Materials/HairMeshesDefaultMaterial.uexp" 264
"../../../Engine/Plugins/Runtime/HairStrands/Content/Materials/HairDefaultMaterial.uasset" 265
"../../../Engine/Plugins/Runtime/HairStrands/Content/Materials/HairDefaultMaterial.uexp" 266
"../../../Engine/Plugins/Runtime/HairStrands/Content/Materials/HairGroupColors.uasset" 267
"../../../Engine/Plugins/Runtime/HairStrands/Content/Materials/HairGroupColors.uexp" 268
"../../../Engine/Content/Functions/Engine_MaterialFunctions02/Utility/MakeFloat2.uasset" 269
"../../../Engine/Content/Functions/Engine_MaterialFunctions02/Utility/MakeFloat2.uexp" 270
"../../../Engine/Content/Functions/Engine_MaterialFunctions02/Utility/MakeFloat3.uasset" 271
"../../../Engine/Content/Functions/Engine_MaterialFunctions02/Utility/MakeFloat3.uexp" 272
"../../../Engine/Content/EngineMaterials/HairColorMap.uasset" 273
"../../../Engine/Content/EngineMaterials/HairColorMap.uexp" 274
"../../../Engine/Content/EngineMaterials/HairDebugColor.uasset" 275
"../../../Engine/Content/EngineMaterials/HairDebugColor.uexp" 276
"../../../Engine/Plugins/Runtime/HairStrands/Content/Materials/HairDebugMaterial.uasset" 277
"../../../Engine/Plugins/Runtime/HairStrands/Content/Materials/HairDebugMaterial.uexp" 278
"../../../Engine/Plugins/Runtime/HairStrands/Content/Materials/HairCardsDefaultMaterial.uasset" 279
"../../../Engine/Plugins/Runtime/HairStrands/Content/Materials/HairCardsDefaultMaterial.uexp" 280
"../../../Engine/Plugins/Runtime/AudioWidgets/Content/Resources/ScrubHandleDown_Clamped.uasset" 281
"../../../Engine/Plugins/Runtime/AudioWidgets/Content/Resources/ScrubHandleDown_Clamped.uexp" 282
"../../../Engine/Plugins/Interchange/Assets/Content/Functions/MX_UsdPreviewSurface.uasset" 283
"../../../Engine/Plugins/Interchange/Assets/Content/Functions/MX_UsdPreviewSurface.uexp" 284
"../../../Engine/Plugins/Interchange/Assets/Content/Functions/MX_UniformEDF.uasset" 285
"../../../Engine/Plugins/Interchange/Assets/Content/Functions/MX_UniformEDF.uexp" 286
"../../../Engine/Plugins/Interchange/Assets/Content/Functions/MX_TranslucentBSDF.uasset" 287
"../../../Engine/Plugins/Interchange/Assets/Content/Functions/MX_TranslucentBSDF.uexp" 288
"../../../Engine/Plugins/Interchange/Assets/Content/Functions/MX_ThinFilmBSDF.uasset" 289
"../../../Engine/Plugins/Interchange/Assets/Content/Functions/MX_ThinFilmBSDF.uexp" 290
"../../../Engine/Plugins/Interchange/Assets/Content/Functions/MX_SurfaceUnlit.uasset" 291
"../../../Engine/Plugins/Interchange/Assets/Content/Functions/MX_SurfaceUnlit.uexp" 292
"../../../Engine/Plugins/Interchange/Assets/Content/Functions/MX_Surface.uasset" 293
"../../../Engine/Plugins/Interchange/Assets/Content/Functions/MX_Surface.uexp" 294
"../../../Engine/Plugins/Interchange/Assets/Content/Functions/MX_SubsurfaceBSDF.uasset" 295
"../../../Engine/Plugins/Interchange/Assets/Content/Functions/MX_SubsurfaceBSDF.uexp" 296
"../../../Engine/Plugins/Interchange/Assets/Content/Functions/MX_SheenBSDF.uasset" 297
"../../../Engine/Plugins/Interchange/Assets/Content/Functions/MX_SheenBSDF.uexp" 298
"../../../Engine/Plugins/Interchange/Assets/Content/Functions/MX_OrenNayarBSDF.uasset" 299
"../../../Engine/Plugins/Interchange/Assets/Content/Functions/MX_OrenNayarBSDF.uexp" 300
"../../../Engine/Plugins/Interchange/Assets/Content/Utilities/New_LUT.uasset" 301
"../../../Engine/Plugins/Interchange/Assets/Content/Utilities/New_LUT.uexp" 302
"../../../Engine/Content/Functions/Engine_MaterialFunctions03/Math/RemapValueRange.uasset" 303
"../../../Engine/Content/Functions/Engine_MaterialFunctions03/Math/RemapValueRange.uexp" 304
"../../../Engine/Plugins/Interchange/Assets/Content/Functions/MF_Iridescence.uasset" 305
"../../../Engine/Plugins/Interchange/Assets/Content/Functions/MF_Iridescence.uexp" 306
"../../../Engine/Plugins/Interchange/Assets/Content/Functions/MX_StandardSurface.uasset" 307
"../../../Engine/Plugins/Interchange/Assets/Content/Functions/MX_StandardSurface.uexp" 308
"../../../Engine/Plugins/Interchange/Assets/Content/Functions/MX_TransmissionSurface.uasset" 309
"../../../Engine/Plugins/Interchange/Assets/Content/Functions/MX_TransmissionSurface.uexp" 310
"../../../Engine/Plugins/Interchange/Assets/Content/Functions/MX_OpenPBR_Translucent.uasset" 311
"../../../Engine/Plugins/Interchange/Assets/Content/Functions/MX_OpenPBR_Translucent.uexp" 312
"../../../Engine/Plugins/Interchange/Assets/Content/Functions/MX_OpenPBR_Opaque.uasset" 313
"../../../Engine/Plugins/Interchange/Assets/Content/Functions/MX_OpenPBR_Opaque.uexp" 314
"../../../Engine/Plugins/Interchange/Assets/Content/Functions/MX_MeasuredEDF.uasset" 315
"../../../Engine/Plugins/Interchange/Assets/Content/Functions/MX_MeasuredEDF.uexp" 316
"../../../Engine/Plugins/Interchange/Assets/Content/Functions/MX_GeneralizedSchlickBSDF.uasset" 317
"../../../Engine/Plugins/Interchange/Assets/Content/Functions/MX_GeneralizedSchlickBSDF.uexp" 318
"../../../Engine/Plugins/Interchange/Assets/Content/Functions/MX_DielectricBSDF.uasset" 319
"../../../Engine/Plugins/Interchange/Assets/Content/Functions/MX_DielectricBSDF.uexp" 320
"../../../Engine/Plugins/Interchange/Assets/Content/Functions/MX_ConicalEDF.uasset" 321
"../../../Engine/Plugins/Interchange/Assets/Content/Functions/MX_ConicalEDF.uexp" 322
"../../../Engine/Plugins/Interchange/Assets/Content/Functions/MX_ConductorBSDF.uasset" 323
"../../../Engine/Plugins/Interchange/Assets/Content/Functions/MX_ConductorBSDF.uexp" 324
"../../../Engine/Plugins/Interchange/Assets/Content/Functions/MX_BurleyDiffuseBSDF.uasset" 325
"../../../Engine/Plugins/Interchange/Assets/Content/Functions/MX_BurleyDiffuseBSDF.uexp" 326
"../../../Engine/Plugins/Interchange/Assets/Content/Functions/MX_AnisotropicVDF.uasset" 327
"../../../Engine/Plugins/Interchange/Assets/Content/Functions/MX_AnisotropicVDF.uexp" 328
"../../../Engine/Plugins/Interchange/Assets/Content/Functions/MX_AbsorptionVDF.uasset" 329
"../../../Engine/Plugins/Interchange/Assets/Content/Functions/MX_AbsorptionVDF.uexp" 330
"F:/UE5Projects/Skillbox/SnakeGame/Content/Blueprints/UI/WBP_StartMenu.uasset" 331
"F:/UE5Projects/Skillbox/SnakeGame/Content/Blueprints/UI/WBP_StartMenu.uexp" 332
"F:/UE5Projects/Skillbox/SnakeGame/Content/Blueprints/UI/WBP_WinWidget.uasset" 333
"F:/UE5Projects/Skillbox/SnakeGame/Content/Blueprints/UI/WBP_WinWidget.uexp" 334
"F:/UE5Projects/Skillbox/SnakeGame/Content/Assets/Sounds/S_WinSound.ubulk" 335
"F:/UE5Projects/Skillbox/SnakeGame/Content/Assets/Sounds/S_WinSound.uasset" 336
"F:/UE5Projects/Skillbox/SnakeGame/Content/Assets/Sounds/S_WinSound.uexp" 337
"F:/UE5Projects/Skillbox/SnakeGame/Content/Assets/Sounds/S_WinSoundCue.uasset" 338
"F:/UE5Projects/Skillbox/SnakeGame/Content/Assets/Sounds/S_WinSoundCue.uexp" 339
"F:/UE5Projects/Skillbox/SnakeGame/Content/Assets/Sounds/S_LostSound.ubulk" 340
"F:/UE5Projects/Skillbox/SnakeGame/Content/Assets/Sounds/S_LostSound.uasset" 341
"F:/UE5Projects/Skillbox/SnakeGame/Content/Assets/Sounds/S_LostSound.uexp" 342
"../../../Engine/Content/EngineMaterials/T_Default_Material_Grid_M.ubulk" 343
"../../../Engine/Content/EngineMaterials/T_Default_Material_Grid_M.uasset" 344
"../../../Engine/Content/EngineMaterials/T_Default_Material_Grid_M.uexp" 345
"../../../Engine/Content/EngineMaterials/T_Default_Material_Grid_N.ubulk" 346
"../../../Engine/Content/EngineMaterials/T_Default_Material_Grid_N.uasset" 347
"../../../Engine/Content/EngineMaterials/T_Default_Material_Grid_N.uexp" 348
"../../../Engine/Content/Functions/Engine_MaterialFunctions01/Opacity/CameraDepthFade.uasset" 349
"../../../Engine/Content/Functions/Engine_MaterialFunctions01/Opacity/CameraDepthFade.uexp" 350
"../../../Engine/Content/EngineMaterials/DefaultMaterial.uasset" 351
"../../../Engine/Content/EngineMaterials/DefaultMaterial.uexp" 352
"../../../Engine/Content/BasicShapes/Sphere.ubulk" 353
"../../../Engine/Content/BasicShapes/Sphere.uasset" 354
"../../../Engine/Content/BasicShapes/Sphere.uexp" 355
"F:/UE5Projects/Skillbox/SnakeGame/Content/Assets/Materials/InteractiveItem/M_FoodBarrierIgnoreBonus.uasset" 356
"F:/UE5Projects/Skillbox/SnakeGame/Content/Assets/Materials/InteractiveItem/M_FoodBarrierIgnoreBonus.uexp" 357
"F:/UE5Projects/Skillbox/SnakeGame/Content/Assets/Other/C_RotationFoodCurve.uasset" 358
"F:/UE5Projects/Skillbox/SnakeGame/Content/Assets/Other/C_RotationFoodCurve.uexp" 359
"F:/UE5Projects/Skillbox/SnakeGame/Content/Blueprints/Game/Interact/BP_FoodBarrierIgnoreBonus.uasset" 360
"F:/UE5Projects/Skillbox/SnakeGame/Content/Blueprints/Game/Interact/BP_FoodBarrierIgnoreBonus.uexp" 361
"../../../Engine/Content/EngineMaterials/WorldGridMaterial.uasset" 362
"../../../Engine/Content/EngineMaterials/WorldGridMaterial.uexp" 363
"../../../Engine/Content/BasicShapes/Cube.ubulk" 364
"../../../Engine/Content/BasicShapes/Cube.uasset" 365
"../../../Engine/Content/BasicShapes/Cube.uexp" 366
"F:/UE5Projects/Skillbox/SnakeGame/Content/Assets/Materials/Level/M_Wall.uasset" 367
"F:/UE5Projects/Skillbox/SnakeGame/Content/Assets/Materials/Level/M_Wall.uexp" 368
"F:/UE5Projects/Skillbox/SnakeGame/Content/Blueprints/Level/BP_Wall.uasset" 369
"F:/UE5Projects/Skillbox/SnakeGame/Content/Blueprints/Level/BP_Wall.uexp" 370
"F:/UE5Projects/Skillbox/SnakeGame/Content/Assets/Materials/Level/M_SecondFloorMaterial.uasset" 371
"F:/UE5Projects/Skillbox/SnakeGame/Content/Assets/Materials/Level/M_SecondFloorMaterial.uexp" 372
"F:/UE5Projects/Skillbox/SnakeGame/Content/Assets/Materials/Level/M_FirstFloorMaterial.uasset" 373
"F:/UE5Projects/Skillbox/SnakeGame/Content/Assets/Materials/Level/M_FirstFloorMaterial.uexp" 374
"F:/UE5Projects/Skillbox/SnakeGame/Content/Blueprints/Level/BP_FloorBlock.uasset" 375
"F:/UE5Projects/Skillbox/SnakeGame/Content/Blueprints/Level/BP_FloorBlock.uexp" 376
"F:/UE5Projects/Skillbox/SnakeGame/Content/Assets/Materials/InteractiveItem/M_FoodSpeedUpBonus.uasset" 377
"F:/UE5Projects/Skillbox/SnakeGame/Content/Assets/Materials/InteractiveItem/M_FoodSpeedUpBonus.uexp" 378
"F:/UE5Projects/Skillbox/SnakeGame/Content/Blueprints/Game/Interact/BP_FoodSpeedUpBonus.uasset" 379
"F:/UE5Projects/Skillbox/SnakeGame/Content/Blueprints/Game/Interact/BP_FoodSpeedUpBonus.uexp" 380
"F:/UE5Projects/Skillbox/SnakeGame/Content/Assets/Materials/Level/M_FakeBarrierMaterial.uasset" 381
"F:/UE5Projects/Skillbox/SnakeGame/Content/Assets/Materials/Level/M_FakeBarrierMaterial.uexp" 382
"F:/UE5Projects/Skillbox/SnakeGame/Content/Blueprints/Level/BP_FakeBarrier.uasset" 383
"F:/UE5Projects/Skillbox/SnakeGame/Content/Blueprints/Level/BP_FakeBarrier.uexp" 384
"F:/UE5Projects/Skillbox/SnakeGame/Content/Assets/Materials/Level/M_BarrierMaterial.uasset" 385
"F:/UE5Projects/Skillbox/SnakeGame/Content/Assets/Materials/Level/M_BarrierMaterial.uexp" 386
"F:/UE5Projects/Skillbox/SnakeGame/Content/Blueprints/Level/BP_Barrier.uasset" 387
"F:/UE5Projects/Skillbox/SnakeGame/Content/Blueprints/Level/BP_Barrier.uexp" 388
"F:/UE5Projects/Skillbox/SnakeGame/Content/Assets/Materials/InteractiveItem/M_Food.uasset" 389
"F:/UE5Projects/Skillbox/SnakeGame/Content/Assets/Materials/InteractiveItem/M_Food.uexp" 390
"F:/UE5Projects/Skillbox/SnakeGame/Content/Blueprints/Game/Interact/BP_Food.uasset" 391
"F:/UE5Projects/Skillbox/SnakeGame/Content/Blueprints/Game/Interact/BP_Food.uexp" 392
"F:/UE5Projects/Skillbox/SnakeGame/Content/Assets/Materials/InteractiveItem/M_DoubleFoodBonus.uasset" 393
"F:/UE5Projects/Skillbox/SnakeGame/Content/Assets/Materials/InteractiveItem/M_DoubleFoodBonus.uexp" 394
"F:/UE5Projects/Skillbox/SnakeGame/Content/Blueprints/Game/Interact/BP_DoubleFoodBonus.uasset" 395
"F:/UE5Projects/Skillbox/SnakeGame/Content/Blueprints/Game/Interact/BP_DoubleFoodBonus.uexp" 396
"F:/UE5Projects/Skillbox/SnakeGame/Content/Assets/Materials/InteractiveItem/M_FoodSpeedDownDebuf.uasset" 397
"F:/UE5Projects/Skillbox/SnakeGame/Content/Assets/Materials/InteractiveItem/M_FoodSpeedDownDebuf.uexp" 398
"F:/UE5Projects/Skillbox/SnakeGame/Content/Blueprints/Game/Interact/BP_FoodSpeedDownDebuf.uasset" 399
"F:/UE5Projects/Skillbox/SnakeGame/Content/Blueprints/Game/Interact/BP_FoodSpeedDownDebuf.uexp" 400
"F:/UE5Projects/Skillbox/SnakeGame/Content/Blueprints/Level/BP_Spawner.uasset" 401
"F:/UE5Projects/Skillbox/SnakeGame/Content/Blueprints/Level/BP_Spawner.uexp" 402
"F:/UE5Projects/Skillbox/SnakeGame/Content/Blueprints/UI/WBP_LostWidget.uasset" 403
"F:/UE5Projects/Skillbox/SnakeGame/Content/Blueprints/UI/WBP_LostWidget.uexp" 404
"../../../Engine/Content/VREditor/BasicMeshes/T_CleanFloorGrunge_01_D.ubulk" 405
"../../../Engine/Content/VREditor/BasicMeshes/T_CleanFloorGrunge_01_D.uasset" 406
"../../../Engine/Content/VREditor/BasicMeshes/T_CleanFloorGrunge_01_D.uexp" 407
"../../../Engine/Content/VREditor/BasicMeshes/M_Floor_01.uasset" 408
"../../../Engine/Content/VREditor/BasicMeshes/M_Floor_01.uexp" 409
"../../../Engine/Content/VREditor/BasicMeshes/MI_Cube_02.uasset" 410
"../../../Engine/Content/VREditor/BasicMeshes/MI_Cube_02.uexp" 411
"../../../Engine/Content/VREditor/BasicMeshes/SM_Cube_02.ubulk" 412
"../../../Engine/Content/VREditor/BasicMeshes/SM_Cube_02.uasset" 413
"../../../Engine/Content/VREditor/BasicMeshes/SM_Cube_02.uexp" 414
"F:/UE5Projects/Skillbox/SnakeGame/Content/Assets/Materials/Snake/M_SnakeBody.uasset" 415
"F:/UE5Projects/Skillbox/SnakeGame/Content/Assets/Materials/Snake/M_SnakeBody.uexp" 416
"F:/UE5Projects/Skillbox/SnakeGame/Content/Assets/Materials/Snake/M_SnakeHead.uasset" 417
"F:/UE5Projects/Skillbox/SnakeGame/Content/Assets/Materials/Snake/M_SnakeHead.uexp" 418
"F:/UE5Projects/Skillbox/SnakeGame/Content/Blueprints/Game/Character/BP_SnakeElement.uasset" 419
"F:/UE5Projects/Skillbox/SnakeGame/Content/Blueprints/Game/Character/BP_SnakeElement.uexp" 420
"F:/UE5Projects/Skillbox/SnakeGame/Content/Assets/Other/C_HungerSnakeCurve.uasset" 421
"F:/UE5Projects/Skillbox/SnakeGame/Content/Assets/Other/C_HungerSnakeCurve.uexp" 422
"F:/UE5Projects/Skillbox/SnakeGame/Content/Blueprints/Game/Character/BP_Snake.uasset" 423
"F:/UE5Projects/Skillbox/SnakeGame/Content/Blueprints/Game/Character/BP_Snake.uexp" 424
"F:/UE5Projects/Skillbox/SnakeGame/Content/Assets/Widgets/T_SpeedDown.uasset" 425
"F:/UE5Projects/Skillbox/SnakeGame/Content/Assets/Widgets/T_SpeedDown.uexp" 426
"F:/UE5Projects/Skillbox/SnakeGame/Content/Assets/Widgets/T_BarrierIgnore.uasset" 427
"F:/UE5Projects/Skillbox/SnakeGame/Content/Assets/Widgets/T_BarrierIgnore.uexp" 428
"F:/UE5Projects/Skillbox/SnakeGame/Content/Assets/Widgets/T_BarrierIgnore_1.uasset" 429
"F:/UE5Projects/Skillbox/SnakeGame/Content/Assets/Widgets/T_BarrierIgnore_1.uexp" 430
"F:/UE5Projects/Skillbox/SnakeGame/Content/Assets/Widgets/T_SpeedUp.uasset" 431
"F:/UE5Projects/Skillbox/SnakeGame/Content/Assets/Widgets/T_SpeedUp.uexp" 432
"F:/UE5Projects/Skillbox/SnakeGame/Content/Assets/Widgets/T_DoubleFoodBonus.uasset" 433
"F:/UE5Projects/Skillbox/SnakeGame/Content/Assets/Widgets/T_DoubleFoodBonus.uexp" 434
"F:/UE5Projects/Skillbox/SnakeGame/Content/Assets/Widgets/T_Scull.uasset" 435
"F:/UE5Projects/Skillbox/SnakeGame/Content/Assets/Widgets/T_Scull.uexp" 436
"F:/UE5Projects/Skillbox/SnakeGame/Content/Blueprints/UI/WBP_StatisticsWidget.uasset" 437
"F:/UE5Projects/Skillbox/SnakeGame/Content/Blueprints/UI/WBP_StatisticsWidget.uexp" 438
"F:/UE5Projects/Skillbox/SnakeGame/Content/Blueprints/Game/Character/BP_PlayerPawn.uasset" 439
"F:/UE5Projects/Skillbox/SnakeGame/Content/Blueprints/Game/Character/BP_PlayerPawn.uexp" 440
"F:/UE5Projects/Skillbox/SnakeGame/Content/Blueprints/Game/BP_SnakeGameMode.uasset" 441
"F:/UE5Projects/Skillbox/SnakeGame/Content/Blueprints/Game/BP_SnakeGameMode.uexp" 442
"../../../Engine/Content/EngineResources/FilmGrains/Marcie_Grain_v3_128_M2_000.uasset" 443
"../../../Engine/Content/EngineResources/FilmGrains/Marcie_Grain_v3_128_M2_000.uexp" 444
"../../../Engine/Content/EngineMaterials/LTC/Sheen_LTC.uasset" 445
"../../../Engine/Content/EngineMaterials/LTC/Sheen_LTC.uexp" 446
"../../../Engine/Content/EngineMaterials/LTC/GGX_LTCMat.uasset" 447
"../../../Engine/Content/EngineMaterials/LTC/GGX_LTCMat.uexp" 448
"../../../Engine/Content/EngineMaterials/LTC/GGX_LTCAmp.uasset" 449
"../../../Engine/Content/EngineMaterials/LTC/GGX_LTCAmp.uexp" 450
"../../../Engine/Content/EngineMaterials/EnergyConservation/Sheen_Energy.uasset" 451
"../../../Engine/Content/EngineMaterials/EnergyConservation/Sheen_Energy.uexp" 452
"../../../Engine/Content/EngineMaterials/EnergyConservation/SheenLegacy_Energy.uasset" 453
"../../../Engine/Content/EngineMaterials/EnergyConservation/SheenLegacy_Energy.uexp" 454
"../../../Engine/Content/EngineMaterials/EnergyConservation/GGX_TransmissionEnergyArray.uasset" 455
"../../../Engine/Content/EngineMaterials/EnergyConservation/GGX_TransmissionEnergyArray.uexp" 456
"../../../Engine/Content/EngineMaterials/EnergyConservation/GGX_ReflectionEnergy.uasset" 457
"../../../Engine/Content/EngineMaterials/EnergyConservation/GGX_ReflectionEnergy.uexp" 458
"../../../Engine/Content/EngineMaterials/EnergyConservation/Diffuse_Energy.uasset" 459
"../../../Engine/Content/EngineMaterials/EnergyConservation/Diffuse_Energy.uexp" 460
"../../../Engine/Content/EditorResources/SequenceRecorder/RecordingIndicator.uasset" 461
"../../../Engine/Content/EditorResources/SequenceRecorder/RecordingIndicator.uexp" 462
"../../../Engine/Content/EditorResources/SequenceRecorder/Countdown.uasset" 463
"../../../Engine/Content/EditorResources/SequenceRecorder/Countdown.uexp" 464
"../../../Engine/Content/EditorMaterials/ParticleSystems/PSysThumbnail_OOD.ubulk" 465
"../../../Engine/Content/EditorMaterials/ParticleSystems/PSysThumbnail_OOD.uasset" 466
"../../../Engine/Content/EditorMaterials/ParticleSystems/PSysThumbnail_OOD.uexp" 467
"../../../Engine/Content/EditorMaterials/ParticleSystems/PSysThumbnail_NoImage.ubulk" 468
"../../../Engine/Content/EditorMaterials/ParticleSystems/PSysThumbnail_NoImage.uasset" 469
"../../../Engine/Content/EditorMaterials/ParticleSystems/PSysThumbnail_NoImage.uexp" 470
"../../../Engine/Content/EditorMaterials/Dataflow/DataflowVertexMaterial.uasset" 471
"../../../Engine/Content/EditorMaterials/Dataflow/DataflowVertexMaterial.uexp" 472
"../../../Engine/Content/EditorMaterials/Dataflow/DataflowTwoSidedVertexMaterial.uasset" 473
"../../../Engine/Content/EditorMaterials/Dataflow/DataflowTwoSidedVertexMaterial.uexp" 474
"../../../Engine/Content/Functions/Engine_MaterialFunctions01/Shading/PowerToRoughness.uasset" 475
"../../../Engine/Content/Functions/Engine_MaterialFunctions01/Shading/PowerToRoughness.uexp" 476
"../../../Engine/Content/Functions/Engine_MaterialFunctions01/Shading/ConvertFromDiffSpec.uasset" 477
"../../../Engine/Content/Functions/Engine_MaterialFunctions01/Shading/ConvertFromDiffSpec.uexp" 478
"../../../Engine/Content/EngineMaterials/Substrate/Volume/SubstrateSimpleVolumeLUT3D.uasset" 479
"../../../Engine/Content/EngineMaterials/Substrate/Volume/SubstrateSimpleVolumeLUT3D.uexp" 480
"../../../Engine/Content/EngineMaterials/Substrate/Volume/SubstrateSimpleVolumeEnvLUT3D.uasset" 481
"../../../Engine/Content/EngineMaterials/Substrate/Volume/SubstrateSimpleVolumeEnvLUT3D.uexp" 482
"../../../Engine/Content/EngineMaterials/Substrate/GLints/AGlintTex2dArray.uasset" 483
"../../../Engine/Content/EngineMaterials/Substrate/GLints/AGlintTex2dArray.uexp" 484
"../../../Engine/Content/EngineMaterials/Substrate/GLints2/AGlintTex2dArray2.uasset" 485
"../../../Engine/Content/EngineMaterials/Substrate/GLints2/AGlintTex2dArray2.uexp" 486
"../../../Engine/Content/EngineMaterials/WeightMapPlaceholderTexture.uasset" 487
"../../../Engine/Content/EngineMaterials/WeightMapPlaceholderTexture.uexp" 488
"../../../Engine/Content/EngineMaterials/WeightMapArrayPlaceholderTexture.uasset" 489
"../../../Engine/Content/EngineMaterials/WeightMapArrayPlaceholderTexture.uexp" 490
"../../../Engine/Plugins/NNE/NNEDenoiser/Content/NNEDIM_ColorAlbedoNormal_Alpha.uasset" 491
"../../../Engine/Plugins/NNE/NNEDenoiser/Content/NNEDIM_ColorAlbedoNormal_Alpha.uexp" 492
"../../../Engine/Plugins/NNE/NNEDenoiser/Content/NNEDIM_ColorAlbedoNormal_Default.uasset" 493
"../../../Engine/Plugins/NNE/NNEDenoiser/Content/NNEDIM_ColorAlbedoNormal_Default.uexp" 494
"../../../Engine/Plugins/NNE/NNEDenoiser/Content/NNEDIM_HighQuality_Alpha.uasset" 495
"../../../Engine/Plugins/NNE/NNEDenoiser/Content/NNEDIM_HighQuality_Alpha.uexp" 496
"../../../Engine/Plugins/NNE/NNEDenoiser/Content/NNEDIM_HighQuality_Default.uasset" 497
"../../../Engine/Plugins/NNE/NNEDenoiser/Content/NNEDIM_HighQuality_Default.uexp" 498
"../../../Engine/Plugins/NNE/NNEDenoiser/Content/NNEDOM_Output_Alpha.uasset" 499
"../../../Engine/Plugins/NNE/NNEDenoiser/Content/NNEDOM_Output_Alpha.uexp" 500
"../../../Engine/Plugins/NNE/NNEDenoiser/Content/NNEDOM_Output_Default.uasset" 501
"../../../Engine/Plugins/NNE/NNEDenoiser/Content/NNEDOM_Output_Default.uexp" 502
"../../../Engine/Plugins/NNE/NNEDenoiser/Content/NNEDTIM_ColorAlbedoNormal_Alpha.uasset" 503
"../../../Engine/Plugins/NNE/NNEDenoiser/Content/NNEDTIM_ColorAlbedoNormal_Alpha.uexp" 504
"../../../Engine/Plugins/NNE/NNEDenoiser/Content/NNEDTIM_ColorAlbedoNormal_Default.uasset" 505
"../../../Engine/Plugins/NNE/NNEDenoiser/Content/NNEDTIM_ColorAlbedoNormal_Default.uexp" 506
"../../../Engine/Plugins/NNE/NNEDenoiser/Content/NNEDTOM_Output_Alpha.uasset" 507
"../../../Engine/Plugins/NNE/NNEDenoiser/Content/NNEDTOM_Output_Alpha.uexp" 508
"../../../Engine/Plugins/NNE/NNEDenoiser/Content/NNEDTOM_Output_Default.uasset" 509
"../../../Engine/Plugins/NNE/NNEDenoiser/Content/NNEDTOM_Output_Default.uexp" 510
"../../../Engine/Content/EngineMeshes/Sphere.ubulk" 511
"../../../Engine/Content/EngineMeshes/Sphere.uasset" 512
"../../../Engine/Content/EngineMeshes/Sphere.uexp" 513
"../../../Engine/Content/VREditor/TransformGizmo/Main.uasset" 514
"../../../Engine/Content/VREditor/TransformGizmo/Main.uexp" 515
"../../../Engine/Content/VREditor/TransformGizmo/Xray.uasset" 516
"../../../Engine/Content/VREditor/TransformGizmo/Xray.uexp" 517
"../../../Engine/Content/VREditor/TransformGizmo/SM_Sequencer_Node.ubulk" 518
"../../../Engine/Content/VREditor/TransformGizmo/SM_Sequencer_Node.uasset" 519
"../../../Engine/Content/VREditor/TransformGizmo/SM_Sequencer_Node.uexp" 520
"../../../Engine/Content/ArtTools/RenderToTexture/Meshes/S_1_Unit_Plane.ubulk" 521
"../../../Engine/Content/ArtTools/RenderToTexture/Meshes/S_1_Unit_Plane.uasset" 522
"../../../Engine/Content/ArtTools/RenderToTexture/Meshes/S_1_Unit_Plane.uexp" 523
"../../../Engine/Content/EditorMaterials/Camera/CineMat.uasset" 524
"../../../Engine/Content/EditorMaterials/Camera/CineMat.uexp" 525
"../../../Engine/Content/EditorMaterials/Camera/MI_CineMat_Rig.uasset" 526
"../../../Engine/Content/EditorMaterials/Camera/MI_CineMat_Rig.uexp" 527
"../../../Engine/Content/EditorMeshes/Camera/SM_CraneRig_Arm.ubulk" 528
"../../../Engine/Content/EditorMeshes/Camera/SM_CraneRig_Arm.uasset" 529
"../../../Engine/Content/EditorMeshes/Camera/SM_CraneRig_Arm.uexp" 530
"../../../Engine/Content/EditorMeshes/Camera/SM_CraneRig_Base.ubulk" 531
"../../../Engine/Content/EditorMeshes/Camera/SM_CraneRig_Base.uasset" 532
"../../../Engine/Content/EditorMeshes/Camera/SM_CraneRig_Base.uexp" 533
"../../../Engine/Content/EditorMeshes/Camera/SM_CraneRig_Body.ubulk" 534
"../../../Engine/Content/EditorMeshes/Camera/SM_CraneRig_Body.uasset" 535
"../../../Engine/Content/EditorMeshes/Camera/SM_CraneRig_Body.uexp" 536
"../../../Engine/Content/EditorMeshes/Camera/SM_CraneRig_Mount.ubulk" 537
"../../../Engine/Content/EditorMeshes/Camera/SM_CraneRig_Mount.uasset" 538
"../../../Engine/Content/EditorMeshes/Camera/SM_CraneRig_Mount.uexp" 539
"../../../Engine/Content/EditorMeshes/Camera/SM_RailRig_Mount.ubulk" 540
"../../../Engine/Content/EditorMeshes/Camera/SM_RailRig_Mount.uasset" 541
"../../../Engine/Content/EditorMeshes/Camera/SM_RailRig_Mount.uexp" 542
"../../../Engine/Content/EditorMeshes/Camera/SM_RailRig_Track.ubulk" 543
"../../../Engine/Content/EditorMeshes/Camera/SM_RailRig_Track.uasset" 544
"../../../Engine/Content/EditorMeshes/Camera/SM_RailRig_Track.uexp" 545
"../../../Engine/Content/EngineSky/VolumetricClouds/T_CloudMask.ubulk" 546
"../../../Engine/Content/EngineSky/VolumetricClouds/T_CloudMask.uasset" 547
"../../../Engine/Content/EngineSky/VolumetricClouds/T_CloudMask.uexp" 548
"../../../Engine/Content/EngineSky/VolumetricClouds/VT_Lightning.uasset" 549
"../../../Engine/Content/EngineSky/VolumetricClouds/VT_Lightning.uexp" 550
"../../../Engine/Content/EngineSky/VolumetricClouds/T_Profile_08.ubulk" 551
"../../../Engine/Content/EngineSky/VolumetricClouds/T_Profile_08.uasset" 552
"../../../Engine/Content/EngineSky/VolumetricClouds/T_Profile_08.uexp" 553
"../../../Engine/Content/Functions/Engine_MaterialFunctions02/Utility/MakeFloat4.uasset" 554
"../../../Engine/Content/Functions/Engine_MaterialFunctions02/Utility/MakeFloat4.uexp" 555
"../../../Engine/Content/Functions/Engine_MaterialFunctions01/Units/Km-to-Cm.uasset" 556
"../../../Engine/Content/Functions/Engine_MaterialFunctions01/Units/Km-to-Cm.uexp" 557
"../../../Engine/Content/Functions/Engine_MaterialFunctions02/Utility/BreakOutFloat4Components.uasset" 558
"../../../Engine/Content/Functions/Engine_MaterialFunctions02/Utility/BreakOutFloat4Components.uexp" 559
"../../../Engine/Content/EngineSky/VolumetricClouds/T_CloudPattern.ubulk" 560
"../../../Engine/Content/EngineSky/VolumetricClouds/T_CloudPattern.uasset" 561
"../../../Engine/Content/EngineSky/VolumetricClouds/T_CloudPattern.uexp" 562
"../../../Engine/Content/EngineSky/VolumetricClouds/VT_PerlinWorley_Balanced.uasset" 563
"../../../Engine/Content/EngineSky/VolumetricClouds/VT_PerlinWorley_Balanced.uexp" 564
"../../../Engine/Content/EngineSky/VolumetricClouds/m_SimpleVolumetricCloud.uasset" 565
"../../../Engine/Content/EngineSky/VolumetricClouds/m_SimpleVolumetricCloud.uexp" 566
"../../../Engine/Content/EngineSky/VolumetricClouds/m_SimpleVolumetricCloud_Inst.uasset" 567
"../../../Engine/Content/EngineSky/VolumetricClouds/m_SimpleVolumetricCloud_Inst.uexp" 568
"../../../Engine/Content/VREditor/LaserPointer/VR_LaserPower_01.ubulk" 569
"../../../Engine/Content/VREditor/LaserPointer/VR_LaserPower_01.uasset" 570
"../../../Engine/Content/VREditor/LaserPointer/VR_LaserPower_01.uexp" 571
"../../../Engine/Content/VREditor/TransformGizmo/TransformGizmoMaterial.uasset" 572
"../../../Engine/Content/VREditor/TransformGizmo/TransformGizmoMaterial.uexp" 573
"../../../Engine/Content/VREditor/TransformGizmo/TranslucentTransformGizmoMaterial.uasset" 574
"../../../Engine/Content/VREditor/TransformGizmo/TranslucentTransformGizmoMaterial.uexp" 575
"../../../Engine/Content/VREditor/TransformGizmo/BoundingBoxCorner.ubulk" 576
"../../../Engine/Content/VREditor/TransformGizmo/BoundingBoxCorner.uasset" 577
"../../../Engine/Content/VREditor/TransformGizmo/BoundingBoxCorner.uexp" 578
"../../../Engine/Content/VREditor/TransformGizmo/BoundingBoxEdge.ubulk" 579
"../../../Engine/Content/VREditor/TransformGizmo/BoundingBoxEdge.uasset" 580
"../../../Engine/Content/VREditor/TransformGizmo/BoundingBoxEdge.uexp" 581
"../../../Engine/Content/Functions/Engine_MaterialFunctions02/Math/Transform3x3Matrix.uasset" 582
"../../../Engine/Content/Functions/Engine_MaterialFunctions02/Math/Transform3x3Matrix.uexp" 583
"../../../Engine/Plugins/Interchange/Assets/Content/gltf/Textures/T_White_srgb.uasset" 584
"../../../Engine/Plugins/Interchange/Assets/Content/gltf/Textures/T_White_srgb.uexp" 585
"../../../Engine/Plugins/Interchange/Assets/Content/gltf/MaterialFunctions/MF_Specular.uasset" 586
"../../../Engine/Plugins/Interchange/Assets/Content/gltf/MaterialFunctions/MF_Specular.uexp" 587
"../../../Engine/Plugins/Interchange/Assets/Content/gltf/Textures/T_Anisotropy_Direction_Linear.uasset" 588
"../../../Engine/Plugins/Interchange/Assets/Content/gltf/Textures/T_Anisotropy_Direction_Linear.uexp" 589
"../../../Engine/Plugins/Interchange/Assets/Content/gltf/MaterialFunctions/MF_SpecularAnisotropy.uasset" 590
"../../../Engine/Plugins/Interchange/Assets/Content/gltf/MaterialFunctions/MF_SpecularAnisotropy.uexp" 591
"../../../Engine/Plugins/Interchange/Assets/Content/gltf/Textures/T_White_Linear.uasset" 592
"../../../Engine/Plugins/Interchange/Assets/Content/gltf/Textures/T_White_Linear.uexp" 593
"../../../Engine/Plugins/Interchange/Assets/Content/gltf/MaterialFunctions/MF_MetallicRoughness.uasset" 594
"../../../Engine/Plugins/Interchange/Assets/Content/gltf/MaterialFunctions/MF_MetallicRoughness.uexp" 595
"../../../Engine/Plugins/Interchange/Assets/Content/gltf/Textures/T_Generic_N.uasset" 596
"../../../Engine/Plugins/Interchange/Assets/Content/gltf/Textures/T_Generic_N.uexp" 597
"../../../Engine/Plugins/Interchange/Assets/Content/gltf/MaterialFunctions/MF_ScaleNormal.uasset" 598
"../../../Engine/Plugins/Interchange/Assets/Content/gltf/MaterialFunctions/MF_ScaleNormal.uexp" 599
"../../../Engine/Plugins/Interchange/Assets/Content/gltf/MaterialFunctions/MF_BaseColor.uasset" 600
"../../../Engine/Plugins/Interchange/Assets/Content/gltf/MaterialFunctions/MF_BaseColor.uexp" 601
"../../../Engine/Plugins/Interchange/Assets/Content/gltf/MaterialFunctions/MF_Iridescence.uasset" 602
"../../../Engine/Plugins/Interchange/Assets/Content/gltf/MaterialFunctions/MF_Iridescence.uexp" 603
"../../../Engine/Plugins/Interchange/Assets/Content/gltf/MaterialFunctions/MF_Occlusion.uasset" 604
"../../../Engine/Plugins/Interchange/Assets/Content/gltf/MaterialFunctions/MF_Occlusion.uexp" 605
"../../../Engine/Plugins/Interchange/Assets/Content/gltf/MaterialFunctions/MF_IOR.uasset" 606
"../../../Engine/Plugins/Interchange/Assets/Content/gltf/MaterialFunctions/MF_IOR.uexp" 607
"../../../Engine/Plugins/Interchange/Assets/Content/gltf/MaterialFunctions/MF_RotateV2.uasset" 608
"../../../Engine/Plugins/Interchange/Assets/Content/gltf/MaterialFunctions/MF_RotateV2.uexp" 609
"../../../Engine/Plugins/Interchange/Assets/Content/gltf/MaterialFunctions/MF_TransformUVs.uasset" 610
"../../../Engine/Plugins/Interchange/Assets/Content/gltf/MaterialFunctions/MF_TransformUVs.uexp" 611
"../../../Engine/Plugins/Interchange/Assets/Content/gltf/MaterialFunctions/MF_Emissive.uasset" 612
"../../../Engine/Plugins/Interchange/Assets/Content/gltf/MaterialFunctions/MF_Emissive.uexp" 613
"../../../Engine/Plugins/Interchange/Assets/Content/gltf/MaterialFunctions/MF_RotateNormals_TS.uasset" 614
"../../../Engine/Plugins/Interchange/Assets/Content/gltf/MaterialFunctions/MF_RotateNormals_TS.uexp" 615
"../../../Engine/Plugins/Interchange/Assets/Content/gltf/MaterialFunctions/MF_Normals.uasset" 616
"../../../Engine/Plugins/Interchange/Assets/Content/gltf/MaterialFunctions/MF_Normals.uexp" 617
"../../../Engine/Content/Functions/Engine_MaterialFunctions01/Texturing/FlattenNormal.uasset" 618
"../../../Engine/Content/Functions/Engine_MaterialFunctions01/Texturing/FlattenNormal.uexp" 619
"../../../Engine/Plugins/Interchange/Assets/Content/gltf/MaterialFunctions/MF_Clearcoat.uasset" 620
"../../../Engine/Plugins/Interchange/Assets/Content/gltf/MaterialFunctions/MF_Clearcoat.uexp" 621
"../../../Engine/Plugins/Interchange/Assets/Content/gltf/MaterialBodies/MF_ClearCoat_Body.uasset" 622
"../../../Engine/Plugins/Interchange/Assets/Content/gltf/MaterialBodies/MF_ClearCoat_Body.uexp" 623
"../../../Engine/Plugins/Interchange/Assets/Content/gltf/M_ClearCoat.uasset" 624
"../../../Engine/Plugins/Interchange/Assets/Content/gltf/M_ClearCoat.uexp" 625
"../../../Engine/Plugins/Interchange/Assets/Content/gltf/MaterialInstances/MI_ClearCoat_Blend.uasset" 626
"../../../Engine/Plugins/Interchange/Assets/Content/gltf/MaterialInstances/MI_ClearCoat_Blend.uexp" 627
"../../../Engine/Plugins/Interchange/Assets/Content/gltf/MaterialInstances/MI_ClearCoat_Blend_DS.uasset" 628
"../../../Engine/Plugins/Interchange/Assets/Content/gltf/MaterialInstances/MI_ClearCoat_Blend_DS.uexp" 629
"../../../Engine/Plugins/Interchange/Assets/Content/gltf/MaterialInstances/MI_ClearCoat_Mask.uasset" 630
"../../../Engine/Plugins/Interchange/Assets/Content/gltf/MaterialInstances/MI_ClearCoat_Mask.uexp" 631
"../../../Engine/Plugins/Interchange/Assets/Content/gltf/MaterialInstances/MI_ClearCoat_Mask_DS.uasset" 632
"../../../Engine/Plugins/Interchange/Assets/Content/gltf/MaterialInstances/MI_ClearCoat_Mask_DS.uexp" 633
"../../../Engine/Plugins/Interchange/Assets/Content/gltf/MaterialInstances/MI_ClearCoat_Opaque.uasset" 634
"../../../Engine/Plugins/Interchange/Assets/Content/gltf/MaterialInstances/MI_ClearCoat_Opaque.uexp" 635
"../../../Engine/Plugins/Interchange/Assets/Content/gltf/MaterialInstances/MI_ClearCoat_Opaque_DS.uasset" 636
"../../../Engine/Plugins/Interchange/Assets/Content/gltf/MaterialInstances/MI_ClearCoat_Opaque_DS.uexp" 637
"../../../Engine/Plugins/Interchange/Assets/Content/gltf/MaterialBodies/MF_Default_Body.uasset" 638
"../../../Engine/Plugins/Interchange/Assets/Content/gltf/MaterialBodies/MF_Default_Body.uexp" 639
"../../../Engine/Plugins/Interchange/Assets/Content/gltf/M_Default.uasset" 640
"../../../Engine/Plugins/Interchange/Assets/Content/gltf/M_Default.uexp" 641
"../../../Engine/Plugins/Interchange/Assets/Content/gltf/MaterialInstances/MI_Default_Blend.uasset" 642
"../../../Engine/Plugins/Interchange/Assets/Content/gltf/MaterialInstances/MI_Default_Blend.uexp" 643
"../../../Engine/Plugins/Interchange/Assets/Content/gltf/MaterialInstances/MI_Default_Blend_DS.uasset" 644
"../../../Engine/Plugins/Interchange/Assets/Content/gltf/MaterialInstances/MI_Default_Blend_DS.uexp" 645
"../../../Engine/Plugins/Interchange/Assets/Content/gltf/MaterialInstances/MI_Default_Mask.uasset" 646
"../../../Engine/Plugins/Interchange/Assets/Content/gltf/MaterialInstances/MI_Default_Mask.uexp" 647
"../../../Engine/Plugins/Interchange/Assets/Content/gltf/MaterialInstances/MI_Default_Mask_DS.uasset" 648
"../../../Engine/Plugins/Interchange/Assets/Content/gltf/MaterialInstances/MI_Default_Mask_DS.uexp" 649
"../../../Engine/Plugins/Interchange/Assets/Content/gltf/MaterialInstances/MI_Default_Opaque.uasset" 650
"../../../Engine/Plugins/Interchange/Assets/Content/gltf/MaterialInstances/MI_Default_Opaque.uexp" 651
"../../../Engine/Plugins/Interchange/Assets/Content/gltf/MaterialInstances/MI_Default_Opaque_DS.uasset" 652
"../../../Engine/Plugins/Interchange/Assets/Content/gltf/MaterialInstances/MI_Default_Opaque_DS.uexp" 653
"../../../Engine/Plugins/Interchange/Assets/Content/gltf/MaterialFunctions/MF_Sheen.uasset" 654
"../../../Engine/Plugins/Interchange/Assets/Content/gltf/MaterialFunctions/MF_Sheen.uexp" 655
"../../../Engine/Plugins/Interchange/Assets/Content/gltf/MaterialBodies/MF_Sheen_Body.uasset" 656
"../../../Engine/Plugins/Interchange/Assets/Content/gltf/MaterialBodies/MF_Sheen_Body.uexp" 657
"../../../Engine/Plugins/Interchange/Assets/Content/gltf/M_Sheen.uasset" 658
"../../../Engine/Plugins/Interchange/Assets/Content/gltf/M_Sheen.uexp" 659
"../../../Engine/Plugins/Interchange/Assets/Content/gltf/MaterialInstances/MI_Sheen_Blend.uasset" 660
"../../../Engine/Plugins/Interchange/Assets/Content/gltf/MaterialInstances/MI_Sheen_Blend.uexp" 661
"../../../Engine/Plugins/Interchange/Assets/Content/gltf/MaterialInstances/MI_Sheen_Blend_DS.uasset" 662
"../../../Engine/Plugins/Interchange/Assets/Content/gltf/MaterialInstances/MI_Sheen_Blend_DS.uexp" 663
"../../../Engine/Plugins/Interchange/Assets/Content/gltf/MaterialInstances/MI_Sheen_Mask.uasset" 664
"../../../Engine/Plugins/Interchange/Assets/Content/gltf/MaterialInstances/MI_Sheen_Mask.uexp" 665
"../../../Engine/Plugins/Interchange/Assets/Content/gltf/MaterialInstances/MI_Sheen_Mask_DS.uasset" 666
"../../../Engine/Plugins/Interchange/Assets/Content/gltf/MaterialInstances/MI_Sheen_Mask_DS.uexp" 667
"../../../Engine/Plugins/Interchange/Assets/Content/gltf/MaterialInstances/MI_Sheen_Opaque.uasset" 668
"../../../Engine/Plugins/Interchange/Assets/Content/gltf/MaterialInstances/MI_Sheen_Opaque.uexp" 669
"../../../Engine/Plugins/Interchange/Assets/Content/gltf/MaterialInstances/MI_Sheen_Opaque_DS.uasset" 670
"../../../Engine/Plugins/Interchange/Assets/Content/gltf/MaterialInstances/MI_Sheen_Opaque_DS.uexp" 671
"../../../Engine/Content/Functions/Engine_MaterialFunctions02/Math/AddComponents.uasset" 672
"../../../Engine/Content/Functions/Engine_MaterialFunctions02/Math/AddComponents.uexp" 673
"../../../Engine/Plugins/Interchange/Assets/Content/gltf/MaterialFunctions/MF_DiffuseSpecGloss.uasset" 674
"../../../Engine/Plugins/Interchange/Assets/Content/gltf/MaterialFunctions/MF_DiffuseSpecGloss.uexp" 675
"../../../Engine/Plugins/Interchange/Assets/Content/gltf/MaterialFunctions/MF_PerceivedBrightness.uasset" 676
"../../../Engine/Plugins/Interchange/Assets/Content/gltf/MaterialFunctions/MF_PerceivedBrightness.uexp" 677
"../../../Engine/Plugins/Interchange/Assets/Content/gltf/MaterialFunctions/MF_SpecGlossToMetalRoughness.uasset" 678
"../../../Engine/Plugins/Interchange/Assets/Content/gltf/MaterialFunctions/MF_SpecGlossToMetalRoughness.uexp" 679
"../../../Engine/Plugins/Interchange/Assets/Content/gltf/MaterialFunctions/MF_MaxComponentValue.uasset" 680
"../../../Engine/Plugins/Interchange/Assets/Content/gltf/MaterialFunctions/MF_MaxComponentValue.uexp" 681
"../../../Engine/Plugins/Interchange/Assets/Content/gltf/MaterialBodies/MF_SpecularGlossiness_Body.uasset" 682
"../../../Engine/Plugins/Interchange/Assets/Content/gltf/MaterialBodies/MF_SpecularGlossiness_Body.uexp" 683
"../../../Engine/Plugins/Interchange/Assets/Content/gltf/M_SpecularGlossiness.uasset" 684
"../../../Engine/Plugins/Interchange/Assets/Content/gltf/M_SpecularGlossiness.uexp" 685
"../../../Engine/Plugins/Interchange/Assets/Content/gltf/MaterialInstances/MI_SpecularGlossiness_Blend.uasset" 686
"../../../Engine/Plugins/Interchange/Assets/Content/gltf/MaterialInstances/MI_SpecularGlossiness_Blend.uexp" 687
"../../../Engine/Plugins/Interchange/Assets/Content/gltf/MaterialInstances/MI_SpecularGlossiness_Blend_DS.uasset" 688
"../../../Engine/Plugins/Interchange/Assets/Content/gltf/MaterialInstances/MI_SpecularGlossiness_Blend_DS.uexp" 689
"../../../Engine/Plugins/Interchange/Assets/Content/gltf/MaterialInstances/MI_SpecularGlossiness_Mask.uasset" 690
"../../../Engine/Plugins/Interchange/Assets/Content/gltf/MaterialInstances/MI_SpecularGlossiness_Mask.uexp" 691
"../../../Engine/Plugins/Interchange/Assets/Content/gltf/MaterialInstances/MI_SpecularGlossiness_Mask_DS.uasset" 692
"../../../Engine/Plugins/Interchange/Assets/Content/gltf/MaterialInstances/MI_SpecularGlossiness_Mask_DS.uexp" 693
"../../../Engine/Plugins/Interchange/Assets/Content/gltf/MaterialInstances/MI_SpecularGlossiness_Opaque.uasset" 694
"../../../Engine/Plugins/Interchange/Assets/Content/gltf/MaterialInstances/MI_SpecularGlossiness_Opaque.uexp" 695
"../../../Engine/Plugins/Interchange/Assets/Content/gltf/MaterialInstances/MI_SpecularGlossiness_Opaque_DS.uasset" 696
"../../../Engine/Plugins/Interchange/Assets/Content/gltf/MaterialInstances/MI_SpecularGlossiness_Opaque_DS.uexp" 697
"../../../Engine/Content/EngineMaterials/Good64x64TilingNoiseHighFreq.uasset" 698
"../../../Engine/Content/EngineMaterials/Good64x64TilingNoiseHighFreq.uexp" 699
"../../../Engine/Content/Functions/Engine_MaterialFunctions02/Texturing/ScreenAlignedPixelToPixelUVs.uasset" 700
"../../../Engine/Content/Functions/Engine_MaterialFunctions02/Texturing/ScreenAlignedPixelToPixelUVs.uexp" 701
"../../../Engine/Plugins/Interchange/Assets/Content/gltf/MaterialFunctions/MF_Temporal_Blur.uasset" 702
"../../../Engine/Plugins/Interchange/Assets/Content/gltf/MaterialFunctions/MF_Temporal_Blur.uexp" 703
"../../../Engine/Plugins/Interchange/Assets/Content/gltf/MaterialFunctions/MF_Fresnel_DS.uasset" 704
"../../../Engine/Plugins/Interchange/Assets/Content/gltf/MaterialFunctions/MF_Fresnel_DS.uexp" 705
"../../../Engine/Plugins/Interchange/Assets/Content/gltf/MaterialFunctions/MF_Transmission.uasset" 706
"../../../Engine/Plugins/Interchange/Assets/Content/gltf/MaterialFunctions/MF_Transmission.uexp" 707
"../../../Engine/Plugins/Interchange/Assets/Content/gltf/MaterialBodies/MF_Transmission_Body.uasset" 708
"../../../Engine/Plugins/Interchange/Assets/Content/gltf/MaterialBodies/MF_Transmission_Body.uexp" 709
"../../../Engine/Plugins/Interchange/Assets/Content/gltf/M_Transmission.uasset" 710
"../../../Engine/Plugins/Interchange/Assets/Content/gltf/M_Transmission.uexp" 711
"../../../Engine/Plugins/Interchange/Assets/Content/gltf/MaterialInstances/MI_Transmission.uasset" 712
"../../../Engine/Plugins/Interchange/Assets/Content/gltf/MaterialInstances/MI_Transmission.uexp" 713
"../../../Engine/Plugins/Interchange/Assets/Content/gltf/MaterialInstances/MI_Transmission_DS.uasset" 714
"../../../Engine/Plugins/Interchange/Assets/Content/gltf/MaterialInstances/MI_Transmission_DS.uexp" 715
"../../../Engine/Plugins/Interchange/Assets/Content/gltf/MaterialBodies/MF_Unlit_Body.uasset" 716
"../../../Engine/Plugins/Interchange/Assets/Content/gltf/MaterialBodies/MF_Unlit_Body.uexp" 717
"../../../Engine/Plugins/Interchange/Assets/Content/gltf/M_Unlit.uasset" 718
"../../../Engine/Plugins/Interchange/Assets/Content/gltf/M_Unlit.uexp" 719
"../../../Engine/Plugins/Interchange/Assets/Content/gltf/MaterialInstances/MI_Unlit_Blend.uasset" 720
"../../../Engine/Plugins/Interchange/Assets/Content/gltf/MaterialInstances/MI_Unlit_Blend.uexp" 721
"../../../Engine/Plugins/Interchange/Assets/Content/gltf/MaterialInstances/MI_Unlit_Blend_DS.uasset" 722
"../../../Engine/Plugins/Interchange/Assets/Content/gltf/MaterialInstances/MI_Unlit_Blend_DS.uexp" 723
"../../../Engine/Plugins/Interchange/Assets/Content/gltf/MaterialInstances/MI_Unlit_Mask.uasset" 724
"../../../Engine/Plugins/Interchange/Assets/Content/gltf/MaterialInstances/MI_Unlit_Mask.uexp" 725
"../../../Engine/Plugins/Interchange/Assets/Content/gltf/MaterialInstances/MI_Unlit_Mask_DS.uasset" 726
"../../../Engine/Plugins/Interchange/Assets/Content/gltf/MaterialInstances/MI_Unlit_Mask_DS.uexp" 727
"../../../Engine/Plugins/Interchange/Assets/Content/gltf/MaterialInstances/MI_Unlit_Opaque.uasset" 728
"../../../Engine/Plugins/Interchange/Assets/Content/gltf/MaterialInstances/MI_Unlit_Opaque.uexp" 729
"../../../Engine/Plugins/Interchange/Assets/Content/gltf/MaterialInstances/MI_Unlit_Opaque_DS.uasset" 730
"../../../Engine/Plugins/Interchange/Assets/Content/gltf/MaterialInstances/MI_Unlit_Opaque_DS.uexp" 731
"../../../Engine/Content/Functions/Engine_MaterialFunctions02/Texturing/CustomRotator.uasset" 732
"../../../Engine/Content/Functions/Engine_MaterialFunctions02/Texturing/CustomRotator.uexp" 733
"../../../Engine/Content/Functions/Engine_MaterialFunctions01/Texturing/ScaleUVsByCenter.uasset" 734
"../../../Engine/Content/Functions/Engine_MaterialFunctions01/Texturing/ScaleUVsByCenter.uexp" 735
"../../../Engine/Content/Functions/Engine_MaterialFunctions01/Gradient/GeneratedRoundRect.uasset" 736
"../../../Engine/Content/Functions/Engine_MaterialFunctions01/Gradient/GeneratedRoundRect.uexp" 737
"../../../Engine/Content/Functions/Engine_MaterialFunctions01/Gradient/SphereGradient-2D.uasset" 738
"../../../Engine/Content/Functions/Engine_MaterialFunctions01/Gradient/SphereGradient-2D.uexp" 739
"../../../Engine/Plugins/Runtime/AudioWidgets/Content/AudioMaterialSlate/Functions/MF_DotOutlined.uasset" 740
"../../../Engine/Plugins/Runtime/AudioWidgets/Content/AudioMaterialSlate/Functions/MF_DotOutlined.uexp" 741
"../../../Engine/Plugins/Runtime/AudioWidgets/Content/AudioMaterialSlate/M_AudioMaterialEnvelope_ADSR.uasset" 742
"../../../Engine/Plugins/Runtime/AudioWidgets/Content/AudioMaterialSlate/M_AudioMaterialEnvelope_ADSR.uexp" 743
"../../../Engine/Plugins/Runtime/AudioWidgets/Content/AudioMaterialSlate/MI_AudioMaterialEnvelope_ADSR.uasset" 744
"../../../Engine/Plugins/Runtime/AudioWidgets/Content/AudioMaterialSlate/MI_AudioMaterialEnvelope_ADSR.uexp" 745
"../../../Engine/Plugins/Runtime/AudioWidgets/Content/AudioMaterialSlate/Functions/MF_SingleLine_Smooth.uasset" 746
"../../../Engine/Plugins/Runtime/AudioWidgets/Content/AudioMaterialSlate/Functions/MF_SingleLine_Smooth.uexp" 747
"../../../Engine/Plugins/Runtime/AudioWidgets/Content/AudioMaterialSlate/Functions/MF_AngleGradient.uasset" 748
"../../../Engine/Plugins/Runtime/AudioWidgets/Content/AudioMaterialSlate/Functions/MF_AngleGradient.uexp" 749
"../../../Engine/Content/Functions/Engine_MaterialFunctions02/Lerp_3Color.uasset" 750
"../../../Engine/Content/Functions/Engine_MaterialFunctions02/Lerp_3Color.uexp" 751
"../../../Engine/Plugins/Runtime/AudioWidgets/Content/AudioMaterialSlate/M_AudioMaterialKnob.uasset" 752
"../../../Engine/Plugins/Runtime/AudioWidgets/Content/AudioMaterialSlate/M_AudioMaterialKnob.uexp" 753
"../../../Engine/Plugins/Runtime/AudioWidgets/Content/AudioMaterialSlate/MI_AudioMaterialKnob.uasset" 754
"../../../Engine/Plugins/Runtime/AudioWidgets/Content/AudioMaterialSlate/MI_AudioMaterialKnob.uexp" 755
"../../../Engine/Plugins/Runtime/AudioWidgets/Content/AudioMaterialSlate/Functions/MF_Lines.uasset" 756
"../../../Engine/Plugins/Runtime/AudioWidgets/Content/AudioMaterialSlate/Functions/MF_Lines.uexp" 757
"../../../Engine/Plugins/Runtime/AudioWidgets/Content/AudioMaterialSlate/M_AudioMaterialMeter.uasset" 758
"../../../Engine/Plugins/Runtime/AudioWidgets/Content/AudioMaterialSlate/M_AudioMaterialMeter.uexp" 759
"../../../Engine/Plugins/Runtime/AudioWidgets/Content/AudioMaterialSlate/MI_AudioMaterialMeter.uasset" 760
"../../../Engine/Plugins/Runtime/AudioWidgets/Content/AudioMaterialSlate/MI_AudioMaterialMeter.uexp" 761
"../../../Engine/Plugins/Runtime/AudioWidgets/Content/AudioMaterialSlate/M_AudioMaterialRoundedSlider.uasset" 762
"../../../Engine/Plugins/Runtime/AudioWidgets/Content/AudioMaterialSlate/M_AudioMaterialRoundedSlider.uexp" 763
"../../../Engine/Plugins/Runtime/AudioWidgets/Content/AudioMaterialSlate/MI_AudioMaterialRoundedSlider.uasset" 764
"../../../Engine/Plugins/Runtime/AudioWidgets/Content/AudioMaterialSlate/MI_AudioMaterialRoundedSlider.uexp" 765
"../../../Engine/Plugins/Runtime/AudioWidgets/Content/AudioMaterialSlate/Functions/MF_SingleLine.uasset" 766
"../../../Engine/Plugins/Runtime/AudioWidgets/Content/AudioMaterialSlate/Functions/MF_SingleLine.uexp" 767
"../../../Engine/Plugins/Runtime/AudioWidgets/Content/AudioMaterialSlate/M_AudioMaterialToggleButton.uasset" 768
"../../../Engine/Plugins/Runtime/AudioWidgets/Content/AudioMaterialSlate/M_AudioMaterialToggleButton.uexp" 769
"../../../Engine/Plugins/Runtime/AudioWidgets/Content/AudioMaterialSlate/MI_AudioMaterialToggleButton.uasset" 770
"../../../Engine/Plugins/Runtime/AudioWidgets/Content/AudioMaterialSlate/MI_AudioMaterialToggleButton.uexp" 771
"../../../Engine/Content/BasicShapes/Cone.ubulk" 772
"../../../Engine/Content/BasicShapes/Cone.uasset" 773
"../../../Engine/Content/BasicShapes/Cone.uexp" 774
"../../../Engine/Content/BasicShapes/Cylinder.ubulk" 775
"../../../Engine/Content/BasicShapes/Cylinder.uasset" 776
"../../../Engine/Content/BasicShapes/Cylinder.uexp" 777
"../../../Engine/Content/BasicShapes/Plane.ubulk" 778
"../../../Engine/Content/BasicShapes/Plane.uasset" 779
"../../../Engine/Content/BasicShapes/Plane.uexp" 780
"../../../Engine/Content/EditorLandscapeResources/SplineEditorMeshMat.uasset" 781
"../../../Engine/Content/EditorLandscapeResources/SplineEditorMeshMat.uexp" 782
"../../../Engine/Content/EditorLandscapeResources/SplineEditorMesh.ubulk" 783
"../../../Engine/Content/EditorLandscapeResources/SplineEditorMesh.uasset" 784
"../../../Engine/Content/EditorLandscapeResources/SplineEditorMesh.uexp" 785
"../../../Engine/Content/EngineResources/WhiteSquareTexture.uasset" 786
"../../../Engine/Content/EngineResources/WhiteSquareTexture.uexp" 787
"../../../Engine/Content/EngineMaterials/Widget3DPassThrough.uasset" 788
"../../../Engine/Content/EngineMaterials/Widget3DPassThrough.uexp" 789
"../../../Engine/Content/EngineMaterials/Widget3DPassThrough_Masked.uasset" 790
"../../../Engine/Content/EngineMaterials/Widget3DPassThrough_Masked.uexp" 791
"../../../Engine/Content/EngineMaterials/Widget3DPassThrough_Opaque.uasset" 792
"../../../Engine/Content/EngineMaterials/Widget3DPassThrough_Opaque.uexp" 793
"../../../Engine/Content/EngineMaterials/Widget3DPassThrough_Masked_OneSided.uasset" 794
"../../../Engine/Content/EngineMaterials/Widget3DPassThrough_Masked_OneSided.uexp" 795
"../../../Engine/Content/EngineMaterials/Widget3DPassThrough_Opaque_OneSided.uasset" 796
"../../../Engine/Content/EngineMaterials/Widget3DPassThrough_Opaque_OneSided.uexp" 797
"../../../Engine/Content/EngineMaterials/Widget3DPassThrough_Translucent.uasset" 798
"../../../Engine/Content/EngineMaterials/Widget3DPassThrough_Translucent.uexp" 799
"../../../Engine/Content/EngineMaterials/Widget3DPassThrough_Translucent_OneSided.uasset" 800
"../../../Engine/Content/EngineMaterials/Widget3DPassThrough_Translucent_OneSided.uexp" 801
"../../../Engine/Plugins/Animation/ControlRig/Content/Controls/ControlRig_Arrow2_1mm.ubulk" 802
"../../../Engine/Plugins/Animation/ControlRig/Content/Controls/ControlRig_Arrow2_1mm.uasset" 803
"../../../Engine/Plugins/Animation/ControlRig/Content/Controls/ControlRig_Arrow2_1mm.uexp" 804
"../../../Engine/Plugins/Animation/ControlRig/Content/Controls/ControlRig_Arrow2_3mm.ubulk" 805
"../../../Engine/Plugins/Animation/ControlRig/Content/Controls/ControlRig_Arrow2_3mm.uasset" 806
"../../../Engine/Plugins/Animation/ControlRig/Content/Controls/ControlRig_Arrow2_3mm.uexp" 807
"../../../Engine/Plugins/Animation/ControlRig/Content/Controls/ControlRig_Arrow2_solid.ubulk" 808
"../../../Engine/Plugins/Animation/ControlRig/Content/Controls/ControlRig_Arrow2_solid.uasset" 809
"../../../Engine/Plugins/Animation/ControlRig/Content/Controls/ControlRig_Arrow2_solid.uexp" 810
"../../../Engine/Plugins/Animation/ControlRig/Content/Controls/ControlRig_Arrow4_1mm.ubulk" 811
"../../../Engine/Plugins/Animation/ControlRig/Content/Controls/ControlRig_Arrow4_1mm.uasset" 812
"../../../Engine/Plugins/Animation/ControlRig/Content/Controls/ControlRig_Arrow4_1mm.uexp" 813
"../../../Engine/Plugins/Animation/ControlRig/Content/Controls/ControlRig_Arrow4_3mm.ubulk" 814
"../../../Engine/Plugins/Animation/ControlRig/Content/Controls/ControlRig_Arrow4_3mm.uasset" 815
"../../../Engine/Plugins/Animation/ControlRig/Content/Controls/ControlRig_Arrow4_3mm.uexp" 816
"../../../Engine/Plugins/Animation/ControlRig/Content/Controls/ControlRig_Arrow4_solid.ubulk" 817
"../../../Engine/Plugins/Animation/ControlRig/Content/Controls/ControlRig_Arrow4_solid.uasset" 818
"../../../Engine/Plugins/Animation/ControlRig/Content/Controls/ControlRig_Arrow4_solid.uexp" 819
"../../../Engine/Plugins/Animation/ControlRig/Content/Controls/ControlRig_Arrow_1mm.ubulk" 820
"../../../Engine/Plugins/Animation/ControlRig/Content/Controls/ControlRig_Arrow_1mm.uasset" 821
"../../../Engine/Plugins/Animation/ControlRig/Content/Controls/ControlRig_Arrow_1mm.uexp" 822
"../../../Engine/Plugins/Animation/ControlRig/Content/Controls/ControlRig_Arrow_3mm.ubulk" 823
"../../../Engine/Plugins/Animation/ControlRig/Content/Controls/ControlRig_Arrow_3mm.uasset" 824
"../../../Engine/Plugins/Animation/ControlRig/Content/Controls/ControlRig_Arrow_3mm.uexp" 825
"../../../Engine/Plugins/Animation/ControlRig/Content/Controls/ControlRig_Arrow_solid.ubulk" 826
"../../../Engine/Plugins/Animation/ControlRig/Content/Controls/ControlRig_Arrow_solid.uasset" 827
"../../../Engine/Plugins/Animation/ControlRig/Content/Controls/ControlRig_Arrow_solid.uexp" 828
"../../../Engine/Plugins/Animation/ControlRig/Content/Controls/ControlRig_Box_1mm.ubulk" 829
"../../../Engine/Plugins/Animation/ControlRig/Content/Controls/ControlRig_Box_1mm.uasset" 830
"../../../Engine/Plugins/Animation/ControlRig/Content/Controls/ControlRig_Box_1mm.uexp" 831
"../../../Engine/Plugins/Animation/ControlRig/Content/Controls/ControlRig_Box_3mm.ubulk" 832
"../../../Engine/Plugins/Animation/ControlRig/Content/Controls/ControlRig_Box_3mm.uasset" 833
"../../../Engine/Plugins/Animation/ControlRig/Content/Controls/ControlRig_Box_3mm.uexp" 834
"../../../Engine/Plugins/Animation/ControlRig/Content/Controls/ControlRig_Box_solid.ubulk" 835
"../../../Engine/Plugins/Animation/ControlRig/Content/Controls/ControlRig_Box_solid.uasset" 836
"../../../Engine/Plugins/Animation/ControlRig/Content/Controls/ControlRig_Box_solid.uexp" 837
"../../../Engine/Plugins/Animation/ControlRig/Content/Controls/ControlRig_Circle_1mm.ubulk" 838
"../../../Engine/Plugins/Animation/ControlRig/Content/Controls/ControlRig_Circle_1mm.uasset" 839
"../../../Engine/Plugins/Animation/ControlRig/Content/Controls/ControlRig_Circle_1mm.uexp" 840
"../../../Engine/Plugins/Animation/ControlRig/Content/Controls/ControlRig_Circle_3mm.ubulk" 841
"../../../Engine/Plugins/Animation/ControlRig/Content/Controls/ControlRig_Circle_3mm.uasset" 842
"../../../Engine/Plugins/Animation/ControlRig/Content/Controls/ControlRig_Circle_3mm.uexp" 843
"../../../Engine/Plugins/Animation/ControlRig/Content/Controls/ControlRig_Circle_solid.ubulk" 844
"../../../Engine/Plugins/Animation/ControlRig/Content/Controls/ControlRig_Circle_solid.uasset" 845
"../../../Engine/Plugins/Animation/ControlRig/Content/Controls/ControlRig_Circle_solid.uexp" 846
"../../../Engine/Plugins/Animation/ControlRig/Content/Controls/ControlRig_Diamond_1mm.ubulk" 847
"../../../Engine/Plugins/Animation/ControlRig/Content/Controls/ControlRig_Diamond_1mm.uasset" 848
"../../../Engine/Plugins/Animation/ControlRig/Content/Controls/ControlRig_Diamond_1mm.uexp" 849
"../../../Engine/Plugins/Animation/ControlRig/Content/Controls/ControlRig_Diamond_3mm.ubulk" 850
"../../../Engine/Plugins/Animation/ControlRig/Content/Controls/ControlRig_Diamond_3mm.uasset" 851
"../../../Engine/Plugins/Animation/ControlRig/Content/Controls/ControlRig_Diamond_3mm.uexp" 852
"../../../Engine/Plugins/Animation/ControlRig/Content/Controls/ControlRig_Diamond_solid.ubulk" 853
"../../../Engine/Plugins/Animation/ControlRig/Content/Controls/ControlRig_Diamond_solid.uasset" 854
"../../../Engine/Plugins/Animation/ControlRig/Content/Controls/ControlRig_Diamond_solid.uexp" 855
"../../../Engine/Plugins/Animation/ControlRig/Content/Controls/ControlRig_HalfCircle_1mm.ubulk" 856
"../../../Engine/Plugins/Animation/ControlRig/Content/Controls/ControlRig_HalfCircle_1mm.uasset" 857
"../../../Engine/Plugins/Animation/ControlRig/Content/Controls/ControlRig_HalfCircle_1mm.uexp" 858
"../../../Engine/Plugins/Animation/ControlRig/Content/Controls/ControlRig_HalfCircle_3mm.ubulk" 859
"../../../Engine/Plugins/Animation/ControlRig/Content/Controls/ControlRig_HalfCircle_3mm.uasset" 860
"../../../Engine/Plugins/Animation/ControlRig/Content/Controls/ControlRig_HalfCircle_3mm.uexp" 861
"../../../Engine/Plugins/Animation/ControlRig/Content/Controls/ControlRig_HalfCircle_solid.ubulk" 862
"../../../Engine/Plugins/Animation/ControlRig/Content/Controls/ControlRig_HalfCircle_solid.uasset" 863
"../../../Engine/Plugins/Animation/ControlRig/Content/Controls/ControlRig_HalfCircle_solid.uexp" 864
"../../../Engine/Plugins/Animation/ControlRig/Content/Controls/ControlRig_Hexagon_1mm.ubulk" 865
"../../../Engine/Plugins/Animation/ControlRig/Content/Controls/ControlRig_Hexagon_1mm.uasset" 866
"../../../Engine/Plugins/Animation/ControlRig/Content/Controls/ControlRig_Hexagon_1mm.uexp" 867
"../../../Engine/Plugins/Animation/ControlRig/Content/Controls/ControlRig_Hexagon_3mm.ubulk" 868
"../../../Engine/Plugins/Animation/ControlRig/Content/Controls/ControlRig_Hexagon_3mm.uasset" 869
"../../../Engine/Plugins/Animation/ControlRig/Content/Controls/ControlRig_Hexagon_3mm.uexp" 870
"../../../Engine/Plugins/Animation/ControlRig/Content/Controls/ControlRig_Hexagon_solid.ubulk" 871
"../../../Engine/Plugins/Animation/ControlRig/Content/Controls/ControlRig_Hexagon_solid.uasset" 872
"../../../Engine/Plugins/Animation/ControlRig/Content/Controls/ControlRig_Hexagon_solid.uexp" 873
"../../../Engine/Plugins/Animation/ControlRig/Content/Controls/ControlRig_Octagon_1mm.ubulk" 874
"../../../Engine/Plugins/Animation/ControlRig/Content/Controls/ControlRig_Octagon_1mm.uasset" 875
"../../../Engine/Plugins/Animation/ControlRig/Content/Controls/ControlRig_Octagon_1mm.uexp" 876
"../../../Engine/Plugins/Animation/ControlRig/Content/Controls/ControlRig_Octagon_3mm.ubulk" 877
"../../../Engine/Plugins/Animation/ControlRig/Content/Controls/ControlRig_Octagon_3mm.uasset" 878
"../../../Engine/Plugins/Animation/ControlRig/Content/Controls/ControlRig_Octagon_3mm.uexp" 879
"../../../Engine/Plugins/Animation/ControlRig/Content/Controls/ControlRig_Octagon_solid.ubulk" 880
"../../../Engine/Plugins/Animation/ControlRig/Content/Controls/ControlRig_Octagon_solid.uasset" 881
"../../../Engine/Plugins/Animation/ControlRig/Content/Controls/ControlRig_Octagon_solid.uexp" 882
"../../../Engine/Plugins/Animation/ControlRig/Content/Controls/ControlRig_Pyramid_1mm.ubulk" 883
"../../../Engine/Plugins/Animation/ControlRig/Content/Controls/ControlRig_Pyramid_1mm.uasset" 884
"../../../Engine/Plugins/Animation/ControlRig/Content/Controls/ControlRig_Pyramid_1mm.uexp" 885
"../../../Engine/Plugins/Animation/ControlRig/Content/Controls/ControlRig_Pyramid_3mm.ubulk" 886
"../../../Engine/Plugins/Animation/ControlRig/Content/Controls/ControlRig_Pyramid_3mm.uasset" 887
"../../../Engine/Plugins/Animation/ControlRig/Content/Controls/ControlRig_Pyramid_3mm.uexp" 888
"../../../Engine/Plugins/Animation/ControlRig/Content/Controls/ControlRig_Pyramid_solid.ubulk" 889
"../../../Engine/Plugins/Animation/ControlRig/Content/Controls/ControlRig_Pyramid_solid.uasset" 890
"../../../Engine/Plugins/Animation/ControlRig/Content/Controls/ControlRig_Pyramid_solid.uexp" 891
"../../../Engine/Plugins/Animation/ControlRig/Content/Controls/ControlRig_QuarterCircle_1mm.ubulk" 892
"../../../Engine/Plugins/Animation/ControlRig/Content/Controls/ControlRig_QuarterCircle_1mm.uasset" 893
"../../../Engine/Plugins/Animation/ControlRig/Content/Controls/ControlRig_QuarterCircle_1mm.uexp" 894
"../../../Engine/Plugins/Animation/ControlRig/Content/Controls/ControlRig_QuarterCircle_3mm.ubulk" 895
"../../../Engine/Plugins/Animation/ControlRig/Content/Controls/ControlRig_QuarterCircle_3mm.uasset" 896
"../../../Engine/Plugins/Animation/ControlRig/Content/Controls/ControlRig_QuarterCircle_3mm.uexp" 897
"../../../Engine/Plugins/Animation/ControlRig/Content/Controls/ControlRig_QuarterCircle_solid.ubulk" 898
"../../../Engine/Plugins/Animation/ControlRig/Content/Controls/ControlRig_QuarterCircle_solid.uasset" 899
"../../../Engine/Plugins/Animation/ControlRig/Content/Controls/ControlRig_QuarterCircle_solid.uexp" 900
"../../../Engine/Plugins/Animation/ControlRig/Content/Controls/ControlRig_RoundedSquare_1mm.ubulk" 901
"../../../Engine/Plugins/Animation/ControlRig/Content/Controls/ControlRig_RoundedSquare_1mm.uasset" 902
"../../../Engine/Plugins/Animation/ControlRig/Content/Controls/ControlRig_RoundedSquare_1mm.uexp" 903
"../../../Engine/Plugins/Animation/ControlRig/Content/Controls/ControlRig_RoundedSquare_3mm.ubulk" 904
"../../../Engine/Plugins/Animation/ControlRig/Content/Controls/ControlRig_RoundedSquare_3mm.uasset" 905
"../../../Engine/Plugins/Animation/ControlRig/Content/Controls/ControlRig_RoundedSquare_3mm.uexp" 906
"../../../Engine/Plugins/Animation/ControlRig/Content/Controls/ControlRig_RoundedSquare_solid.ubulk" 907
"../../../Engine/Plugins/Animation/ControlRig/Content/Controls/ControlRig_RoundedSquare_solid.uasset" 908
"../../../Engine/Plugins/Animation/ControlRig/Content/Controls/ControlRig_RoundedSquare_solid.uexp" 909
"../../../Engine/Plugins/Animation/ControlRig/Content/Controls/ControlRig_RoundedTriangle_1mm.ubulk" 910
"../../../Engine/Plugins/Animation/ControlRig/Content/Controls/ControlRig_RoundedTriangle_1mm.uasset" 911
"../../../Engine/Plugins/Animation/ControlRig/Content/Controls/ControlRig_RoundedTriangle_1mm.uexp" 912
"../../../Engine/Plugins/Animation/ControlRig/Content/Controls/ControlRig_RoundedTriangle_3mm.ubulk" 913
"../../../Engine/Plugins/Animation/ControlRig/Content/Controls/ControlRig_RoundedTriangle_3mm.uasset" 914
"../../../Engine/Plugins/Animation/ControlRig/Content/Controls/ControlRig_RoundedTriangle_3mm.uexp" 915
"../../../Engine/Plugins/Animation/ControlRig/Content/Controls/ControlRig_RoundedTriangle_solid.ubulk" 916
"../../../Engine/Plugins/Animation/ControlRig/Content/Controls/ControlRig_RoundedTriangle_solid.uasset" 917
"../../../Engine/Plugins/Animation/ControlRig/Content/Controls/ControlRig_RoundedTriangle_solid.uexp" 918
"../../../Engine/Plugins/Animation/ControlRig/Content/Controls/ControlRig_Sphere_1mm.ubulk" 919
"../../../Engine/Plugins/Animation/ControlRig/Content/Controls/ControlRig_Sphere_1mm.uasset" 920
"../../../Engine/Plugins/Animation/ControlRig/Content/Controls/ControlRig_Sphere_1mm.uexp" 921
"../../../Engine/Plugins/Animation/ControlRig/Content/Controls/ControlRig_Sphere_3mm.ubulk" 922
"../../../Engine/Plugins/Animation/ControlRig/Content/Controls/ControlRig_Sphere_3mm.uasset" 923
"../../../Engine/Plugins/Animation/ControlRig/Content/Controls/ControlRig_Sphere_3mm.uexp" 924
"../../../Engine/Plugins/Animation/ControlRig/Content/Controls/ControlRig_Sphere_solid.ubulk" 925
"../../../Engine/Plugins/Animation/ControlRig/Content/Controls/ControlRig_Sphere_solid.uasset" 926
"../../../Engine/Plugins/Animation/ControlRig/Content/Controls/ControlRig_Sphere_solid.uexp" 927
"../../../Engine/Plugins/Animation/ControlRig/Content/Controls/ControlRig_Square_1mm.ubulk" 928
"../../../Engine/Plugins/Animation/ControlRig/Content/Controls/ControlRig_Square_1mm.uasset" 929
"../../../Engine/Plugins/Animation/ControlRig/Content/Controls/ControlRig_Square_1mm.uexp" 930
"../../../Engine/Plugins/Animation/ControlRig/Content/Controls/ControlRig_Square_3mm.ubulk" 931
"../../../Engine/Plugins/Animation/ControlRig/Content/Controls/ControlRig_Square_3mm.uasset" 932
"../../../Engine/Plugins/Animation/ControlRig/Content/Controls/ControlRig_Square_3mm.uexp" 933
"../../../Engine/Plugins/Animation/ControlRig/Content/Controls/ControlRig_Square_solid.ubulk" 934
"../../../Engine/Plugins/Animation/ControlRig/Content/Controls/ControlRig_Square_solid.uasset" 935
"../../../Engine/Plugins/Animation/ControlRig/Content/Controls/ControlRig_Square_solid.uexp" 936
"../../../Engine/Plugins/Animation/ControlRig/Content/Controls/ControlRig_Star4_1mm.ubulk" 937
"../../../Engine/Plugins/Animation/ControlRig/Content/Controls/ControlRig_Star4_1mm.uasset" 938
"../../../Engine/Plugins/Animation/ControlRig/Content/Controls/ControlRig_Star4_1mm.uexp" 939
"../../../Engine/Plugins/Animation/ControlRig/Content/Controls/ControlRig_Star4_3mm.ubulk" 940
"../../../Engine/Plugins/Animation/ControlRig/Content/Controls/ControlRig_Star4_3mm.uasset" 941
"../../../Engine/Plugins/Animation/ControlRig/Content/Controls/ControlRig_Star4_3mm.uexp" 942
"../../../Engine/Plugins/Animation/ControlRig/Content/Controls/ControlRig_Star4_solid.ubulk" 943
"../../../Engine/Plugins/Animation/ControlRig/Content/Controls/ControlRig_Star4_solid.uasset" 944
"../../../Engine/Plugins/Animation/ControlRig/Content/Controls/ControlRig_Star4_solid.uexp" 945
"../../../Engine/Plugins/Animation/ControlRig/Content/Controls/ControlRig_Triangle_1mm.ubulk" 946
"../../../Engine/Plugins/Animation/ControlRig/Content/Controls/ControlRig_Triangle_1mm.uasset" 947
"../../../Engine/Plugins/Animation/ControlRig/Content/Controls/ControlRig_Triangle_1mm.uexp" 948
"../../../Engine/Plugins/Animation/ControlRig/Content/Controls/ControlRig_Triangle_3mm.ubulk" 949
"../../../Engine/Plugins/Animation/ControlRig/Content/Controls/ControlRig_Triangle_3mm.uasset" 950
"../../../Engine/Plugins/Animation/ControlRig/Content/Controls/ControlRig_Triangle_3mm.uexp" 951
"../../../Engine/Plugins/Animation/ControlRig/Content/Controls/ControlRig_Triangle_solid.ubulk" 952
"../../../Engine/Plugins/Animation/ControlRig/Content/Controls/ControlRig_Triangle_solid.uasset" 953
"../../../Engine/Plugins/Animation/ControlRig/Content/Controls/ControlRig_Triangle_solid.uexp" 954
"../../../Engine/Plugins/Animation/ControlRig/Content/Controls/ControlRig_Wedge_1mm.ubulk" 955
"../../../Engine/Plugins/Animation/ControlRig/Content/Controls/ControlRig_Wedge_1mm.uasset" 956
"../../../Engine/Plugins/Animation/ControlRig/Content/Controls/ControlRig_Wedge_1mm.uexp" 957
"../../../Engine/Plugins/Animation/ControlRig/Content/Controls/ControlRig_Wedge_3mm.ubulk" 958
"../../../Engine/Plugins/Animation/ControlRig/Content/Controls/ControlRig_Wedge_3mm.uasset" 959
"../../../Engine/Plugins/Animation/ControlRig/Content/Controls/ControlRig_Wedge_3mm.uexp" 960
"../../../Engine/Plugins/Animation/ControlRig/Content/Controls/ControlRig_Wedge_solid.ubulk" 961
"../../../Engine/Plugins/Animation/ControlRig/Content/Controls/ControlRig_Wedge_solid.uasset" 962
"../../../Engine/Plugins/Animation/ControlRig/Content/Controls/ControlRig_Wedge_solid.uexp" 963
"../../../Engine/Plugins/2D/Paper2D/Content/DefaultSpriteMaterial.uasset" 964
"../../../Engine/Plugins/2D/Paper2D/Content/DefaultSpriteMaterial.uexp" 965
"../../../Engine/Plugins/2D/Paper2D/Content/MaskedUnlitSpriteMaterial.uasset" 966
"../../../Engine/Plugins/2D/Paper2D/Content/MaskedUnlitSpriteMaterial.uexp" 967
"../../../Engine/Plugins/2D/Paper2D/Content/OpaqueUnlitSpriteMaterial.uasset" 968
"../../../Engine/Plugins/2D/Paper2D/Content/OpaqueUnlitSpriteMaterial.uexp" 969
"../../../Engine/Plugins/Media/MediaPlate/Content/SM_MediaPlateScreen.ubulk" 970
"../../../Engine/Plugins/Media/MediaPlate/Content/SM_MediaPlateScreen.uasset" 971
"../../../Engine/Plugins/Media/MediaPlate/Content/SM_MediaPlateScreen.uexp" 972
"../../../Engine/Content/EngineResources/LandscapeVisibilityLayerInfo.uasset" 973
"../../../Engine/Content/EngineResources/LandscapeVisibilityLayerInfo.uexp" 974
"../../../Engine/Content/VREditor/TransformGizmo/StartRotationHandleIndicator.ubulk" 975
"../../../Engine/Content/VREditor/TransformGizmo/StartRotationHandleIndicator.uasset" 976
"../../../Engine/Content/VREditor/TransformGizmo/StartRotationHandleIndicator.uexp" 977
"../../../Engine/Content/VREditor/Sounds/UI/Drop_Item_From_ContentBrowser.ubulk" 978
"../../../Engine/Content/VREditor/Sounds/UI/Drop_Item_From_ContentBrowser.uasset" 979
"../../../Engine/Content/VREditor/Sounds/UI/Drop_Item_From_ContentBrowser.uexp" 980
"../../../Engine/Content/VREditor/TransformGizmo/PlaneTranslationHandle.ubulk" 981
"../../../Engine/Content/VREditor/TransformGizmo/PlaneTranslationHandle.uasset" 982
"../../../Engine/Content/VREditor/TransformGizmo/PlaneTranslationHandle.uexp" 983
"../../../Engine/Content/VREditor/Sounds/UI/Object_Snaps_To_Grid.ubulk" 984
"../../../Engine/Content/VREditor/Sounds/UI/Object_Snaps_To_Grid.uasset" 985
"../../../Engine/Content/VREditor/Sounds/UI/Object_Snaps_To_Grid.uexp" 986
"../../../Engine/Content/VREditor/Sounds/UI/Selection_Changes.ubulk" 987
"../../../Engine/Content/VREditor/Sounds/UI/Selection_Changes.uasset" 988
"../../../Engine/Content/VREditor/Sounds/UI/Selection_Changes.uexp" 989
"../../../Engine/Content/VREditor/Sounds/UI/Object_Snaps_To_Another_Actor.ubulk" 990
"../../../Engine/Content/VREditor/Sounds/UI/Object_Snaps_To_Another_Actor.uasset" 991
"../../../Engine/Content/VREditor/Sounds/UI/Object_Snaps_To_Another_Actor.uexp" 992
"../../../Engine/Content/VREditor/TransformGizmo/TranslucentTransformGizmoMaterial_Inst.uasset" 993
"../../../Engine/Content/VREditor/TransformGizmo/TranslucentTransformGizmoMaterial_Inst.uexp" 994
"../../../Engine/Content/VREditor/TransformGizmo/TransformGizmoFreeRotation.ubulk" 995
"../../../Engine/Content/VREditor/TransformGizmo/TransformGizmoFreeRotation.uasset" 996
"../../../Engine/Content/VREditor/TransformGizmo/TransformGizmoFreeRotation.uexp" 997
"../../../Engine/Content/VREditor/Sounds/UI/Scaling_Down.ubulk" 998
"../../../Engine/Content/VREditor/Sounds/UI/Scaling_Down.uasset" 999
"../../../Engine/Content/VREditor/Sounds/UI/Scaling_Down.uexp" 1000
"../../../Engine/Content/Functions/Engine_MaterialFunctions02/SplitComponents.uasset" 1001
"../../../Engine/Content/Functions/Engine_MaterialFunctions02/SplitComponents.uexp" 1002
"../../../Engine/Content/VREditor/SnapGrid/SnapGridMaterial.uasset" 1003
"../../../Engine/Content/VREditor/SnapGrid/SnapGridMaterial.uexp" 1004
"../../../Engine/Content/VREditor/SnapGrid/SnapGridPlaneMesh.ubulk" 1005
"../../../Engine/Content/VREditor/SnapGrid/SnapGridPlaneMesh.uasset" 1006
"../../../Engine/Content/VREditor/SnapGrid/SnapGridPlaneMesh.uexp" 1007
"../../../Engine/Content/VREditor/Sounds/UI/Scaling_Up.ubulk" 1008
"../../../Engine/Content/VREditor/Sounds/UI/Scaling_Up.uasset" 1009
"../../../Engine/Content/VREditor/Sounds/UI/Scaling_Up.uexp" 1010
"../../../Engine/Content/VREditor/TransformGizmo/TransformGizmoMaterial_Inst.uasset" 1011
"../../../Engine/Content/VREditor/TransformGizmo/TransformGizmoMaterial_Inst.uexp" 1012
"../../../Engine/Content/VREditor/Sounds/UI/Gizmo_Handle_Clicked.ubulk" 1013
"../../../Engine/Content/VREditor/Sounds/UI/Gizmo_Handle_Clicked.uasset" 1014
"../../../Engine/Content/VREditor/Sounds/UI/Gizmo_Handle_Clicked.uexp" 1015
"../../../Engine/Content/VREditor/TransformGizmo/RotationHandleQuarter.ubulk" 1016
"../../../Engine/Content/VREditor/TransformGizmo/RotationHandleQuarter.uasset" 1017
"../../../Engine/Content/VREditor/TransformGizmo/RotationHandleQuarter.uexp" 1018
"../../../Engine/Content/VREditor/TransformGizmo/TranslateArrowHandle.ubulk" 1019
"../../../Engine/Content/VREditor/TransformGizmo/TranslateArrowHandle.uasset" 1020
"../../../Engine/Content/VREditor/TransformGizmo/TranslateArrowHandle.uexp" 1021
"../../../Engine/Content/VREditor/TransformGizmo/RotationHandleIndicator.ubulk" 1022
"../../../Engine/Content/VREditor/TransformGizmo/RotationHandleIndicator.uasset" 1023
"../../../Engine/Content/VREditor/TransformGizmo/RotationHandleIndicator.uexp" 1024
"../../../Engine/Content/VREditor/TransformGizmo/UniformScaleHandle.ubulk" 1025
"../../../Engine/Content/VREditor/TransformGizmo/UniformScaleHandle.uasset" 1026
"../../../Engine/Content/VREditor/TransformGizmo/UniformScaleHandle.uexp" 1027
"../../../Engine/Content/VREditor/TransformGizmo/RotationHandleFull.ubulk" 1028
"../../../Engine/Content/VREditor/TransformGizmo/RotationHandleFull.uasset" 1029
"../../../Engine/Content/VREditor/TransformGizmo/RotationHandleFull.uexp" 1030
"../../../Engine/Content/VREditor/Sounds/UI/Object_PickUp.ubulk" 1031
"../../../Engine/Content/VREditor/Sounds/UI/Object_PickUp.uasset" 1032
"../../../Engine/Content/VREditor/Sounds/UI/Object_PickUp.uexp" 1033
"../../../Engine/Plugins/Animation/DeformerGraph/Content/DeformerFunctions/DG_Function_ComputeNormalsTangents.uasset" 1034
"../../../Engine/Plugins/Animation/DeformerGraph/Content/DeformerFunctions/DG_Function_ComputeNormalsTangents.uexp" 1035
"../../../Engine/Plugins/Animation/DeformerGraph/Content/DeformerFunctions/DG_Function_LinearBlendSkin_Morph_Cloth.uasset" 1036
"../../../Engine/Plugins/Animation/DeformerGraph/Content/DeformerFunctions/DG_Function_LinearBlendSkin_Morph_Cloth.uexp" 1037
"../../../Engine/Plugins/Animation/DeformerGraph/Content/DeformerFunctions/DG_Function_LinearBlendSkin_Morph_Cloth_PositionOnly.uasset" 1038
"../../../Engine/Plugins/Animation/DeformerGraph/Content/DeformerFunctions/DG_Function_LinearBlendSkin_Morph_Cloth_PositionOnly.uexp" 1039
"../../../Engine/Plugins/Animation/DeformerGraph/Content/Deformers/DG_LinearBlendSkin_Morph_Cloth.uasset" 1040
"../../../Engine/Plugins/Animation/DeformerGraph/Content/Deformers/DG_LinearBlendSkin_Morph_Cloth.uexp" 1041
"../../../Engine/Plugins/Animation/DeformerGraph/Content/Deformers/DG_LinearBlendSkin_Morph_Cloth_RecomputeNormals.uasset" 1042
"../../../Engine/Plugins/Animation/DeformerGraph/Content/Deformers/DG_LinearBlendSkin_Morph_Cloth_RecomputeNormals.uexp" 1043
"../../../Engine/Plugins/NNE/NNEDenoiser/Content/NNEDT_Oidn2-3_Balanced.uasset" 1044
"../../../Engine/Plugins/NNE/NNEDenoiser/Content/NNEDT_Oidn2-3_Balanced.uexp" 1045
"../../../Engine/Plugins/NNE/NNEDenoiser/Content/NNEDT_Oidn2-3_Balanced_Alpha.uasset" 1046
"../../../Engine/Plugins/NNE/NNEDenoiser/Content/NNEDT_Oidn2-3_Balanced_Alpha.uexp" 1047
"../../../Engine/Plugins/NNE/NNEDenoiser/Content/NNED_Oidn2-3_Balanced.uasset" 1048
"../../../Engine/Plugins/NNE/NNEDenoiser/Content/NNED_Oidn2-3_Balanced.uexp" 1049
"../../../Engine/Plugins/NNE/NNEDenoiser/Content/NNED_Oidn2-3_Balanced_Alpha.uasset" 1050
"../../../Engine/Plugins/NNE/NNEDenoiser/Content/NNED_Oidn2-3_Balanced_Alpha.uexp" 1051
"../../../Engine/Plugins/NNE/NNEDenoiser/Content/NNED_Oidn2-3_Fast.uasset" 1052
"../../../Engine/Plugins/NNE/NNEDenoiser/Content/NNED_Oidn2-3_Fast.uexp" 1053
"../../../Engine/Plugins/NNE/NNEDenoiser/Content/NNED_Oidn2-3_Fast_Alpha.uasset" 1054
"../../../Engine/Plugins/NNE/NNEDenoiser/Content/NNED_Oidn2-3_Fast_Alpha.uexp" 1055
"../../../Engine/Plugins/NNE/NNEDenoiser/Content/NNED_Oidn2-3_HighQuality.uasset" 1056
"../../../Engine/Plugins/NNE/NNEDenoiser/Content/NNED_Oidn2-3_HighQuality.uexp" 1057
"../../../Engine/Plugins/NNE/NNEDenoiser/Content/NNED_Oidn2-3_HighQuality_Alpha.uasset" 1058
"../../../Engine/Plugins/NNE/NNEDenoiser/Content/NNED_Oidn2-3_HighQuality_Alpha.uexp" 1059
"../../../Engine/Plugins/NNE/NNEDenoiser/Content/NNE_oidn2-3-0_rt_hdr_alb_nrm_small__dyn__fp16_opset11_DenoiseAlpha.uasset" 1060
"../../../Engine/Plugins/NNE/NNEDenoiser/Content/NNE_oidn2-3-0_rt_hdr_alb_nrm_small__dyn__fp16_opset11_DenoiseAlpha.uexp" 1061
"../../../Engine/Plugins/NNE/NNEDenoiser/Content/NNE_oidn2-3-0_rt_hdr_alb_nrm_small__dyn__fp16_opset11_ForwardAlpha.uasset" 1062
"../../../Engine/Plugins/NNE/NNEDenoiser/Content/NNE_oidn2-3-0_rt_hdr_alb_nrm_small__dyn__fp16_opset11_ForwardAlpha.uexp" 1063
"../../../Engine/Plugins/NNE/NNEDenoiser/Content/NNE_oidn2-3-0_rt_hdr_alb_nrm__dyn__fp16_opset11_DenoiseAlpha.uasset" 1064
"../../../Engine/Plugins/NNE/NNEDenoiser/Content/NNE_oidn2-3-0_rt_hdr_alb_nrm__dyn__fp16_opset11_DenoiseAlpha.uexp" 1065
"../../../Engine/Plugins/NNE/NNEDenoiser/Content/NNE_oidn2-3-0_rt_hdr_alb_nrm__dyn__fp16_opset11_ForwardAlpha.uasset" 1066
"../../../Engine/Plugins/NNE/NNEDenoiser/Content/NNE_oidn2-3-0_rt_hdr_alb_nrm__dyn__fp16_opset11_ForwardAlpha.uexp" 1067
"../../../Engine/Plugins/NNE/NNEDenoiser/Content/NNE_oidn2-3-0_rt_hdr_calb_cnrm_large__dyn__fp16_opset11_DenoiseAlpha.uasset" 1068
"../../../Engine/Plugins/NNE/NNEDenoiser/Content/NNE_oidn2-3-0_rt_hdr_calb_cnrm_large__dyn__fp16_opset11_DenoiseAlpha.uexp" 1069
"../../../Engine/Plugins/NNE/NNEDenoiser/Content/NNE_oidn2-3-0_rt_hdr_calb_cnrm_large__dyn__fp16_opset11_ForwardAlpha.uasset" 1070
"../../../Engine/Plugins/NNE/NNEDenoiser/Content/NNE_oidn2-3-0_rt_hdr_calb_cnrm_large__dyn__fp16_opset11_ForwardAlpha.uexp" 1071
"../../../Engine/Content/EngineSky/T_Sky_Stars.ubulk" 1072
"../../../Engine/Content/EngineSky/T_Sky_Stars.uasset" 1073
"../../../Engine/Content/EngineSky/T_Sky_Stars.uexp" 1074
"../../../Engine/Content/EngineSky/T_Sky_Clouds_M.ubulk" 1075
"../../../Engine/Content/EngineSky/T_Sky_Clouds_M.uasset" 1076
"../../../Engine/Content/EngineSky/T_Sky_Clouds_M.uexp" 1077
"../../../Engine/Content/EngineSky/T_Sky_Blue.ubulk" 1078
"../../../Engine/Content/EngineSky/T_Sky_Blue.uasset" 1079
"../../../Engine/Content/EngineSky/T_Sky_Blue.uexp" 1080
"../../../Engine/Content/EngineSky/M_Sky_Panning_Clouds2.uasset" 1081
"../../../Engine/Content/EngineSky/M_Sky_Panning_Clouds2.uexp" 1082
"../../../Engine/Content/EngineSky/SM_SkySphere.ubulk" 1083
"../../../Engine/Content/EngineSky/SM_SkySphere.uasset" 1084
"../../../Engine/Content/EngineSky/SM_SkySphere.uexp" 1085
"../../../Engine/Content/MapTemplates/SM_Template_Map_Floor.ubulk" 1086
"../../../Engine/Content/MapTemplates/SM_Template_Map_Floor.uasset" 1087
"../../../Engine/Content/MapTemplates/SM_Template_Map_Floor.uexp" 1088
"../../../Engine/Content/EngineSky/M_SimpleSkyDome.uasset" 1089
"../../../Engine/Content/EngineSky/M_SimpleSkyDome.uexp" 1090
"F:/UE5Projects/Skillbox/SnakeGame/Content/Maps/GameplayLevel.uexp" 1091
"F:/UE5Projects/Skillbox/SnakeGame/Content/Maps/GameplayLevel.umap" 1092
"../../../Engine/Content/Maps/Entry_BuiltData.uasset" 1093
"../../../Engine/Content/Maps/Entry_BuiltData.uexp" 1094
"../../../Engine/Content/Maps/Entry.uexp" 1095
"../../../Engine/Content/Maps/Entry.umap" 1096
